{"contracts/EPNSComm/EPNSCommAdmin.sol":{"l":{},"path":"/Users/mdteach/Codes/epns-/epns-protocol-staging/contracts/EPNSComm/EPNSCommAdmin.sol","s":{},"b":{},"f":{},"fnMap":{},"statementMap":{},"branchMap":{}},"contracts/EPNSComm/EPNSCommProxy.sol":{"l":{},"path":"/Users/mdteach/Codes/epns-/epns-protocol-staging/contracts/EPNSComm/EPNSCommProxy.sol","s":{},"b":{},"f":{"1":36},"fnMap":{"1":{"name":"constructor","line":15,"loc":{"start":{"line":10,"column":4},"end":{"line":15,"column":157}}}},"statementMap":{},"branchMap":{}},"contracts/EPNSComm/EPNSCommStorageV1.sol":{"l":{},"path":"/Users/mdteach/Codes/epns-/epns-protocol-staging/contracts/EPNSComm/EPNSCommStorageV1.sol","s":{},"b":{},"f":{},"fnMap":{},"statementMap":{},"branchMap":{}},"contracts/EPNSComm/EPNSCommV1.sol":{"l":{"52":19,"53":18,"57":36,"58":36,"66":0,"72":0,"81":36,"82":36,"83":36,"84":36,"85":36,"94":0,"98":1,"102":12,"106":0,"110":0,"111":0,"112":0,"132":59,"133":59,"134":4,"145":0,"146":0,"158":0,"159":0,"161":0,"183":5,"187":4,"192":3,"193":9,"194":1,"196":8,"199":3,"212":44,"217":44,"219":44,"221":44,"223":44,"224":44,"225":44,"227":44,"242":0,"250":0,"253":0,"256":0,"257":0,"258":0,"259":0,"260":0,"278":36,"279":36,"298":0,"299":0,"311":0,"312":0,"314":0,"324":0,"329":0,"331":0,"344":0,"346":0,"350":0,"351":0,"352":0,"355":0,"370":0,"378":0,"381":0,"384":0,"385":0,"386":0,"387":0,"388":0,"407":44,"408":12,"411":32,"412":32,"413":32,"415":32,"426":0,"429":0,"431":0,"433":0,"436":0,"438":0,"448":0,"449":0,"451":0,"458":0,"460":0,"464":0,"482":1,"483":1,"493":0,"494":0,"521":6,"542":6,"544":3,"573":0,"590":0,"598":0,"608":0,"611":0,"612":0,"613":0,"614":0,"615":0,"655":0,"659":0,"662":0,"663":0,"672":36,"673":36,"676":36},"path":"/Users/mdteach/Codes/epns-/epns-protocol-staging/contracts/EPNSComm/EPNSCommV1.sol","s":{"1":19,"2":36,"3":0,"4":36,"5":36,"6":36,"7":36,"8":36,"9":0,"10":1,"11":12,"12":0,"13":0,"14":0,"15":0,"16":59,"17":59,"18":4,"19":0,"20":0,"21":0,"22":0,"23":0,"24":5,"25":4,"26":3,"27":9,"28":8,"29":3,"30":44,"31":44,"32":44,"33":44,"34":44,"35":44,"36":44,"37":44,"38":0,"39":0,"40":0,"41":0,"42":0,"43":0,"44":0,"45":0,"46":36,"47":36,"48":0,"49":0,"50":0,"51":0,"52":0,"53":0,"54":0,"55":0,"56":0,"57":0,"58":0,"59":0,"60":0,"61":0,"62":0,"63":0,"64":0,"65":0,"66":0,"67":0,"68":44,"69":12,"70":32,"71":32,"72":32,"73":32,"74":0,"75":0,"76":0,"77":0,"78":0,"79":0,"80":0,"81":0,"82":0,"83":0,"84":0,"85":0,"86":1,"87":1,"88":0,"89":0,"90":6,"91":6,"92":3,"93":0,"94":0,"95":0,"96":0,"97":0,"98":0,"99":0,"100":0,"101":0,"102":0,"103":0,"104":0,"105":0,"106":36,"107":36},"b":{"1":[18,1],"2":[36,0],"3":[0,0],"4":[0,0],"5":[0,0],"6":[4,55],"7":[4,1],"8":[3,1],"9":[1,8],"10":[44,0],"11":[0,0],"12":[0,0],"13":[0,0],"14":[0,0],"15":[0,0],"16":[0,0],"17":[0,0],"18":[12,32],"19":[0,0],"20":[0,0],"21":[0,0],"22":[3,3],"23":[0,0],"24":[0,0],"25":[0,0],"26":[0,0]},"f":{"1":19,"2":36,"3":0,"4":36,"5":0,"6":1,"7":12,"8":0,"9":0,"10":59,"11":0,"12":0,"13":5,"14":44,"15":0,"16":36,"17":0,"18":0,"19":0,"20":0,"21":44,"22":0,"23":0,"24":0,"25":1,"26":0,"27":6,"28":6,"29":0,"30":0,"31":0,"32":36},"fnMap":{"1":{"name":"onlyPushChannelAdmin","line":51,"loc":{"start":{"line":51,"column":4},"end":{"line":54,"column":4}}},"2":{"name":"onlyEPNSCore","line":56,"loc":{"start":{"line":56,"column":4},"end":{"line":59,"column":4}}},"3":{"name":"sendNotifViaSignReq","line":61,"loc":{"start":{"line":61,"column":4},"end":{"line":73,"column":4}}},"4":{"name":"initialize","line":80,"loc":{"start":{"line":80,"column":4},"end":{"line":86,"column":4}}},"5":{"name":"verifyChannelAlias","line":93,"loc":{"start":{"line":93,"column":4},"end":{"line":95,"column":4}}},"6":{"name":"completeMigration","line":97,"loc":{"start":{"line":97,"column":4},"end":{"line":99,"column":4}}},"7":{"name":"setEPNSCoreAddress","line":101,"loc":{"start":{"line":101,"column":4},"end":{"line":103,"column":4}}},"8":{"name":"setGovernanceAddress","line":105,"loc":{"start":{"line":105,"column":4},"end":{"line":107,"column":4}}},"9":{"name":"transferPushChannelAdminControl","line":109,"loc":{"start":{"line":109,"column":4},"end":{"line":113,"column":4}}},"10":{"name":"isUserSubscribed","line":127,"loc":{"start":{"line":127,"column":4},"end":{"line":136,"column":4}}},"11":{"name":"subscribe","line":144,"loc":{"start":{"line":144,"column":4},"end":{"line":147,"column":4}}},"12":{"name":"batchSubscribe","line":154,"loc":{"start":{"line":154,"column":4},"end":{"line":162,"column":4}}},"13":{"name":"migrateSubscribeData","line":182,"loc":{"start":{"line":177,"column":4},"end":{"line":200,"column":4}}},"14":{"name":"_subscribe","line":211,"loc":{"start":{"line":211,"column":4},"end":{"line":228,"column":4}}},"15":{"name":"subscribeBySig","line":234,"loc":{"start":{"line":234,"column":4},"end":{"line":261,"column":4}}},"16":{"name":"subscribeViaCore","line":275,"loc":{"start":{"line":273,"column":4},"end":{"line":280,"column":4}}},"17":{"name":"unsubscribe","line":296,"loc":{"start":{"line":296,"column":4},"end":{"line":300,"column":4}}},"18":{"name":"batchUnsubscribe","line":307,"loc":{"start":{"line":307,"column":4},"end":{"line":315,"column":4}}},"19":{"name":"_unsubscribe","line":323,"loc":{"start":{"line":323,"column":4},"end":{"line":356,"column":4}}},"20":{"name":"unsubscribeBySig","line":362,"loc":{"start":{"line":362,"column":4},"end":{"line":389,"column":4}}},"21":{"name":"_addUser","line":406,"loc":{"start":{"line":406,"column":4},"end":{"line":417,"column":4}}},"22":{"name":"_broadcastPublicKey","line":422,"loc":{"start":{"line":422,"column":4},"end":{"line":440,"column":4}}},"23":{"name":"getWalletFromPublicKey","line":443,"loc":{"start":{"line":443,"column":4},"end":{"line":453,"column":4}}},"24":{"name":"broadcastUserPublicKey","line":456,"loc":{"start":{"line":456,"column":4},"end":{"line":465,"column":4}}},"25":{"name":"addDelegate","line":481,"loc":{"start":{"line":481,"column":4},"end":{"line":484,"column":4}}},"26":{"name":"removeDelegate","line":492,"loc":{"start":{"line":492,"column":4},"end":{"line":495,"column":4}}},"27":{"name":"_checkNotifReq","line":515,"loc":{"start":{"line":515,"column":4},"end":{"line":529,"column":4}}},"28":{"name":"sendNotification","line":537,"loc":{"start":{"line":537,"column":4},"end":{"line":545,"column":4}}},"29":{"name":"_sendNotification","line":570,"loc":{"start":{"line":559,"column":4},"end":{"line":574,"column":4}}},"30":{"name":"sendNotifBySig","line":580,"loc":{"start":{"line":580,"column":4},"end":{"line":621,"column":4}}},"31":{"name":"changeUserChannelSettings","line":650,"loc":{"start":{"line":650,"column":4},"end":{"line":669,"column":4}}},"32":{"name":"getChainId","line":671,"loc":{"start":{"line":671,"column":4},"end":{"line":677,"column":4}}}},"statementMap":{"1":{"start":{"line":52,"column":8},"end":{"line":52,"column":109}},"2":{"start":{"line":57,"column":8},"end":{"line":57,"column":94}},"3":{"start":{"line":66,"column":8},"end":{"line":66,"column":2332}},"4":{"start":{"line":81,"column":8},"end":{"line":81,"column":43}},"5":{"start":{"line":82,"column":8},"end":{"line":82,"column":37}},"6":{"start":{"line":83,"column":8},"end":{"line":83,"column":29}},"7":{"start":{"line":84,"column":8},"end":{"line":84,"column":29}},"8":{"start":{"line":85,"column":8},"end":{"line":85,"column":19}},"9":{"start":{"line":94,"column":6},"end":{"line":94,"column":72}},"10":{"start":{"line":98,"column":8},"end":{"line":98,"column":33}},"11":{"start":{"line":102,"column":8},"end":{"line":102,"column":37}},"12":{"start":{"line":106,"column":6},"end":{"line":106,"column":36}},"13":{"start":{"line":110,"column":8},"end":{"line":110,"column":103}},"14":{"start":{"line":111,"column":8},"end":{"line":111,"column":115}},"15":{"start":{"line":112,"column":8},"end":{"line":112,"column":35}},"16":{"start":{"line":132,"column":8},"end":{"line":132,"column":40}},"17":{"start":{"line":133,"column":8},"end":{"line":133,"column":4507}},"18":{"start":{"line":134,"column":12},"end":{"line":134,"column":30}},"19":{"start":{"line":145,"column":8},"end":{"line":145,"column":39}},"20":{"start":{"line":146,"column":8},"end":{"line":146,"column":19}},"21":{"start":{"line":158,"column":8},"end":{"line":158,"column":5378}},"22":{"start":{"line":159,"column":12},"end":{"line":159,"column":50}},"23":{"start":{"line":161,"column":8},"end":{"line":161,"column":19}},"24":{"start":{"line":183,"column":8},"end":{"line":183,"column":6435}},"25":{"start":{"line":187,"column":8},"end":{"line":187,"column":6593}},"26":{"start":{"line":192,"column":8},"end":{"line":192,"column":6758}},"27":{"start":{"line":193,"column":12},"end":{"line":193,"column":6826}},"28":{"start":{"line":196,"column":16},"end":{"line":196,"column":57}},"29":{"start":{"line":199,"column":8},"end":{"line":199,"column":19}},"30":{"start":{"line":212,"column":8},"end":{"line":212,"column":7566}},"31":{"start":{"line":217,"column":8},"end":{"line":217,"column":22}},"32":{"start":{"line":219,"column":8},"end":{"line":219,"column":40}},"33":{"start":{"line":221,"column":8},"end":{"line":221,"column":38}},"34":{"start":{"line":223,"column":8},"end":{"line":223,"column":55}},"35":{"start":{"line":224,"column":8},"end":{"line":224,"column":65}},"36":{"start":{"line":225,"column":8},"end":{"line":225,"column":57}},"37":{"start":{"line":227,"column":8},"end":{"line":227,"column":39}},"38":{"start":{"line":242,"column":8},"end":{"line":242,"column":8465}},"39":{"start":{"line":250,"column":8},"end":{"line":250,"column":8679}},"40":{"start":{"line":253,"column":8},"end":{"line":253,"column":8797}},"41":{"start":{"line":256,"column":8},"end":{"line":256,"column":54}},"42":{"start":{"line":257,"column":8},"end":{"line":257,"column":88}},"43":{"start":{"line":258,"column":8},"end":{"line":258,"column":89}},"44":{"start":{"line":259,"column":8},"end":{"line":259,"column":78}},"45":{"start":{"line":260,"column":8},"end":{"line":260,"column":37}},"46":{"start":{"line":278,"column":8},"end":{"line":278,"column":34}},"47":{"start":{"line":279,"column":8},"end":{"line":279,"column":19}},"48":{"start":{"line":298,"column":8},"end":{"line":298,"column":41}},"49":{"start":{"line":299,"column":8},"end":{"line":299,"column":19}},"50":{"start":{"line":311,"column":8},"end":{"line":311,"column":11084}},"51":{"start":{"line":312,"column":12},"end":{"line":312,"column":52}},"52":{"start":{"line":314,"column":8},"end":{"line":314,"column":19}},"53":{"start":{"line":324,"column":8},"end":{"line":324,"column":11637}},"54":{"start":{"line":329,"column":8},"end":{"line":329,"column":40}},"55":{"start":{"line":331,"column":8},"end":{"line":331,"column":38}},"56":{"start":{"line":344,"column":8},"end":{"line":344,"column":12578}},"57":{"start":{"line":346,"column":8},"end":{"line":346,"column":12715}},"58":{"start":{"line":352,"column":8},"end":{"line":352,"column":57}},"59":{"start":{"line":355,"column":8},"end":{"line":355,"column":41}},"60":{"start":{"line":370,"column":8},"end":{"line":370,"column":13391}},"61":{"start":{"line":378,"column":8},"end":{"line":378,"column":13605}},"62":{"start":{"line":381,"column":8},"end":{"line":381,"column":13725}},"63":{"start":{"line":384,"column":8},"end":{"line":384,"column":54}},"64":{"start":{"line":385,"column":8},"end":{"line":385,"column":90}},"65":{"start":{"line":386,"column":8},"end":{"line":386,"column":91}},"66":{"start":{"line":387,"column":8},"end":{"line":387,"column":80}},"67":{"start":{"line":388,"column":8},"end":{"line":388,"column":39}},"68":{"start":{"line":407,"column":8},"end":{"line":407,"column":14821}},"69":{"start":{"line":408,"column":12},"end":{"line":408,"column":34}},"70":{"start":{"line":411,"column":12},"end":{"line":411,"column":53}},"71":{"start":{"line":412,"column":12},"end":{"line":412,"column":44}},"72":{"start":{"line":413,"column":12},"end":{"line":413,"column":46}},"73":{"start":{"line":415,"column":12},"end":{"line":415,"column":41}},"74":{"start":{"line":426,"column":8},"end":{"line":426,"column":26}},"75":{"start":{"line":429,"column":8},"end":{"line":429,"column":61}},"76":{"start":{"line":431,"column":8},"end":{"line":431,"column":15635}},"77":{"start":{"line":433,"column":12},"end":{"line":433,"column":53}},"78":{"start":{"line":436,"column":12},"end":{"line":436,"column":58}},"79":{"start":{"line":438,"column":12},"end":{"line":438,"column":49}},"80":{"start":{"line":448,"column":8},"end":{"line":448,"column":16195}},"81":{"start":{"line":449,"column":12},"end":{"line":449,"column":68}},"82":{"start":{"line":451,"column":12},"end":{"line":451,"column":62}},"83":{"start":{"line":458,"column":8},"end":{"line":458,"column":16583}},"84":{"start":{"line":460,"column":12},"end":{"line":460,"column":18}},"85":{"start":{"line":464,"column":8},"end":{"line":464,"column":50}},"86":{"start":{"line":482,"column":8},"end":{"line":482,"column":65}},"87":{"start":{"line":483,"column":8},"end":{"line":483,"column":47}},"88":{"start":{"line":493,"column":8},"end":{"line":493,"column":66}},"89":{"start":{"line":494,"column":8},"end":{"line":494,"column":50}},"90":{"start":{"line":521,"column":6},"end":{"line":521,"column":19315}},"91":{"start":{"line":542,"column":8},"end":{"line":542,"column":43}},"92":{"start":{"line":544,"column":8},"end":{"line":544,"column":62}},"93":{"start":{"line":573,"column":8},"end":{"line":573,"column":62}},"94":{"start":{"line":590,"column":8},"end":{"line":590,"column":21735}},"95":{"start":{"line":598,"column":8},"end":{"line":598,"column":21949}},"96":{"start":{"line":608,"column":8},"end":{"line":608,"column":22209}},"97":{"start":{"line":611,"column":8},"end":{"line":611,"column":54}},"98":{"start":{"line":612,"column":8},"end":{"line":612,"column":88}},"99":{"start":{"line":613,"column":8},"end":{"line":613,"column":89}},"100":{"start":{"line":614,"column":8},"end":{"line":614,"column":78}},"101":{"start":{"line":615,"column":8},"end":{"line":615,"column":22645}},"102":{"start":{"line":655,"column":8},"end":{"line":655,"column":24315}},"103":{"start":{"line":659,"column":8},"end":{"line":659,"column":24480}},"104":{"start":{"line":662,"column":8},"end":{"line":662,"column":63}},"105":{"start":{"line":663,"column":8},"end":{"line":663,"column":24680}},"106":{"start":{"line":672,"column":8},"end":{"line":672,"column":23}},"107":{"start":{"line":676,"column":8},"end":{"line":676,"column":22}}},"branchMap":{"1":{"line":52,"type":"if","locations":[{"start":{"line":52,"column":8},"end":{"line":52,"column":8}},{"start":{"line":52,"column":8},"end":{"line":52,"column":8}}]},"2":{"line":57,"type":"if","locations":[{"start":{"line":57,"column":8},"end":{"line":57,"column":8}},{"start":{"line":57,"column":8},"end":{"line":57,"column":8}}]},"3":{"line":66,"type":"if","locations":[{"start":{"line":66,"column":8},"end":{"line":66,"column":8}},{"start":{"line":66,"column":8},"end":{"line":66,"column":8}}]},"4":{"line":110,"type":"if","locations":[{"start":{"line":110,"column":8},"end":{"line":110,"column":8}},{"start":{"line":110,"column":8},"end":{"line":110,"column":8}}]},"5":{"line":111,"type":"if","locations":[{"start":{"line":111,"column":8},"end":{"line":111,"column":8}},{"start":{"line":111,"column":8},"end":{"line":111,"column":8}}]},"6":{"line":133,"type":"if","locations":[{"start":{"line":133,"column":8},"end":{"line":133,"column":8}},{"start":{"line":133,"column":8},"end":{"line":133,"column":8}}]},"7":{"line":183,"type":"if","locations":[{"start":{"line":183,"column":8},"end":{"line":183,"column":8}},{"start":{"line":183,"column":8},"end":{"line":183,"column":8}}]},"8":{"line":187,"type":"if","locations":[{"start":{"line":187,"column":8},"end":{"line":187,"column":8}},{"start":{"line":187,"column":8},"end":{"line":187,"column":8}}]},"9":{"line":193,"type":"if","locations":[{"start":{"line":193,"column":12},"end":{"line":193,"column":12}},{"start":{"line":193,"column":12},"end":{"line":193,"column":12}}]},"10":{"line":212,"type":"if","locations":[{"start":{"line":212,"column":8},"end":{"line":212,"column":8}},{"start":{"line":212,"column":8},"end":{"line":212,"column":8}}]},"11":{"line":257,"type":"if","locations":[{"start":{"line":257,"column":8},"end":{"line":257,"column":8}},{"start":{"line":257,"column":8},"end":{"line":257,"column":8}}]},"12":{"line":258,"type":"if","locations":[{"start":{"line":258,"column":8},"end":{"line":258,"column":8}},{"start":{"line":258,"column":8},"end":{"line":258,"column":8}}]},"13":{"line":259,"type":"if","locations":[{"start":{"line":259,"column":8},"end":{"line":259,"column":8}},{"start":{"line":259,"column":8},"end":{"line":259,"column":8}}]},"14":{"line":324,"type":"if","locations":[{"start":{"line":324,"column":8},"end":{"line":324,"column":8}},{"start":{"line":324,"column":8},"end":{"line":324,"column":8}}]},"15":{"line":385,"type":"if","locations":[{"start":{"line":385,"column":8},"end":{"line":385,"column":8}},{"start":{"line":385,"column":8},"end":{"line":385,"column":8}}]},"16":{"line":386,"type":"if","locations":[{"start":{"line":386,"column":8},"end":{"line":386,"column":8}},{"start":{"line":386,"column":8},"end":{"line":386,"column":8}}]},"17":{"line":387,"type":"if","locations":[{"start":{"line":387,"column":8},"end":{"line":387,"column":8}},{"start":{"line":387,"column":8},"end":{"line":387,"column":8}}]},"18":{"line":407,"type":"if","locations":[{"start":{"line":407,"column":8},"end":{"line":407,"column":8}},{"start":{"line":407,"column":8},"end":{"line":407,"column":8}}]},"19":{"line":431,"type":"if","locations":[{"start":{"line":431,"column":8},"end":{"line":431,"column":8}},{"start":{"line":431,"column":8},"end":{"line":431,"column":8}}]},"20":{"line":448,"type":"if","locations":[{"start":{"line":448,"column":8},"end":{"line":448,"column":8}},{"start":{"line":448,"column":8},"end":{"line":448,"column":8}}]},"21":{"line":458,"type":"if","locations":[{"start":{"line":458,"column":8},"end":{"line":458,"column":8}},{"start":{"line":458,"column":8},"end":{"line":458,"column":8}}]},"22":{"line":521,"type":"if","locations":[{"start":{"line":521,"column":6},"end":{"line":521,"column":6}},{"start":{"line":521,"column":6},"end":{"line":521,"column":6}}]},"23":{"line":612,"type":"if","locations":[{"start":{"line":612,"column":8},"end":{"line":612,"column":8}},{"start":{"line":612,"column":8},"end":{"line":612,"column":8}}]},"24":{"line":613,"type":"if","locations":[{"start":{"line":613,"column":8},"end":{"line":613,"column":8}},{"start":{"line":613,"column":8},"end":{"line":613,"column":8}}]},"25":{"line":614,"type":"if","locations":[{"start":{"line":614,"column":8},"end":{"line":614,"column":8}},{"start":{"line":614,"column":8},"end":{"line":614,"column":8}}]},"26":{"line":655,"type":"if","locations":[{"start":{"line":655,"column":8},"end":{"line":655,"column":8}},{"start":{"line":655,"column":8},"end":{"line":655,"column":8}}]}}},"contracts/EPNSCore/EPNSCoreAdmin.sol":{"l":{},"path":"/Users/mdteach/Codes/epns-/epns-protocol-staging/contracts/EPNSCore/EPNSCoreAdmin.sol","s":{},"b":{},"f":{},"fnMap":{},"statementMap":{},"branchMap":{}},"contracts/EPNSCore/EPNSCoreProxy.sol":{"l":{},"path":"/Users/mdteach/Codes/epns-/epns-protocol-staging/contracts/EPNSCore/EPNSCoreProxy.sol","s":{},"b":{},"f":{"1":36},"fnMap":{"1":{"name":"constructor","line":21,"loc":{"start":{"line":10,"column":4},"end":{"line":21,"column":320}}}},"statementMap":{},"branchMap":{}},"contracts/EPNSCore/EPNSCoreStorageV1.sol":{"l":{},"path":"/Users/mdteach/Codes/epns-/epns-protocol-staging/contracts/EPNSCore/EPNSCoreStorageV1.sol","s":{},"b":{},"f":{},"fnMap":{},"statementMap":{},"branchMap":{}},"contracts/EPNSCore/EPNSCoreStorageV2.sol":{"l":{},"path":"/Users/mdteach/Codes/epns-/epns-protocol-staging/contracts/EPNSCore/EPNSCoreStorageV2.sol","s":{},"b":{},"f":{},"fnMap":{},"statementMap":{},"branchMap":{}},"contracts/EPNSCore/EPNSCoreV1.sol":{"l":{"67":12,"68":12,"72":0,"73":0,"77":12,"81":12,"84":0,"88":0,"92":0,"96":0,"100":0,"105":0,"109":0,"115":0,"119":12,"125":12,"143":36,"144":36,"145":36,"146":36,"147":36,"148":36,"149":36,"150":36,"151":36,"153":36,"154":36,"155":36,"157":36,"158":36,"159":36,"162":36,"171":0,"175":0,"182":12,"189":0,"193":0,"197":0,"201":0,"211":0,"215":0,"220":0,"221":0,"222":0,"231":0,"246":0,"248":0,"252":0,"256":0,"266":0,"267":0,"274":0,"279":0,"285":0,"308":12,"311":12,"320":12,"324":12,"325":12,"326":12,"352":0,"357":0,"364":0,"365":0,"366":0,"368":0,"369":0,"370":0,"371":0,"374":0,"392":12,"397":12,"399":12,"400":12,"401":12,"402":12,"403":12,"406":12,"407":12,"410":12,"415":12,"432":12,"433":12,"440":12,"441":12,"445":12,"473":0,"480":0,"481":0,"500":0,"502":0,"503":0,"507":0,"508":0,"512":0,"527":0,"528":0,"529":0,"530":0,"532":0,"533":0,"550":0,"554":0,"555":0,"557":0,"558":0,"559":0,"562":0,"577":0,"578":0,"579":0,"581":0,"605":0,"607":0,"608":0,"612":0,"613":0,"617":0,"619":0,"620":0,"621":0,"622":0,"623":0,"624":0,"639":0,"657":0,"658":0,"661":0,"663":0,"667":0,"668":0,"669":0,"670":0,"673":0,"674":0,"678":0,"685":0,"686":0,"688":0,"692":0,"693":0,"695":0,"704":0,"705":0,"708":0,"709":0,"716":0,"719":0,"728":0,"734":0,"737":0,"753":12,"755":12,"758":12,"759":12,"761":12,"774":0,"775":0,"777":0,"778":0,"779":0,"780":0,"782":0,"789":0,"793":0,"796":0,"798":0,"838":12,"840":12,"842":12,"844":12,"845":12,"846":12,"849":0,"850":0,"853":0,"857":0,"865":12,"866":12,"867":12,"868":12,"870":12,"871":12,"874":12,"876":12,"878":12,"882":12,"883":12,"884":12,"885":12,"889":0,"890":0,"893":0},"path":"/Users/mdteach/Codes/epns-/epns-protocol-staging/contracts/EPNSCore/EPNSCoreV1.sol","s":{"1":12,"2":0,"3":12,"4":0,"5":0,"6":0,"7":0,"8":12,"9":36,"10":36,"11":36,"12":36,"13":36,"14":36,"15":36,"16":36,"17":36,"18":36,"19":36,"20":36,"21":36,"22":36,"23":36,"24":36,"25":0,"26":0,"27":12,"28":0,"29":0,"30":0,"31":0,"32":0,"33":0,"34":0,"35":0,"36":0,"37":0,"38":0,"39":0,"40":0,"41":0,"42":0,"43":0,"44":0,"45":0,"46":0,"47":12,"48":12,"49":12,"50":12,"51":12,"52":12,"53":0,"54":0,"55":0,"56":0,"57":0,"58":0,"59":0,"60":0,"61":0,"62":12,"63":12,"64":12,"65":12,"66":12,"67":12,"68":12,"69":12,"70":12,"71":12,"72":12,"73":12,"74":12,"75":12,"76":12,"77":12,"78":0,"79":0,"80":0,"81":0,"82":0,"83":0,"84":0,"85":0,"86":0,"87":0,"88":0,"89":0,"90":0,"91":0,"92":0,"93":0,"94":0,"95":0,"96":0,"97":0,"98":0,"99":0,"100":0,"101":0,"102":0,"103":0,"104":0,"105":0,"106":0,"107":0,"108":0,"109":0,"110":0,"111":0,"112":0,"113":0,"114":0,"115":0,"116":0,"117":0,"118":0,"119":0,"120":0,"121":0,"122":0,"123":0,"124":0,"125":0,"126":0,"127":0,"128":0,"129":0,"130":0,"131":0,"132":0,"133":0,"134":0,"135":0,"136":0,"137":0,"138":0,"139":0,"140":0,"141":0,"142":0,"143":0,"144":12,"145":12,"146":12,"147":12,"148":12,"149":0,"150":0,"151":0,"152":0,"153":0,"154":0,"155":0,"156":0,"157":0,"158":0,"159":0,"160":12,"161":12,"162":12,"163":12,"164":12,"165":12,"166":0,"167":0,"168":0,"169":0,"170":0,"171":0,"172":12,"173":12,"174":12,"175":12,"176":12,"177":12,"178":12,"179":12,"180":12,"181":12,"182":12,"183":12,"184":12,"185":0,"186":0},"b":{"1":[12,0],"2":[0,0],"3":[12,0],"4":[0,0],"5":[0,0],"6":[0,0],"7":[0,0],"8":[12,0],"9":[0,0],"10":[0,0],"11":[0,0],"12":[0,0],"13":[0,0],"14":[12,0],"15":[0,0],"16":[0,0],"17":[0,0],"18":[12,0],"19":[12,0],"20":[12,0],"21":[0,0],"22":[0,0],"23":[0,0],"24":[0,0],"25":[0,0],"26":[0,0],"27":[0,0],"28":[12,0],"29":[0,0],"30":[0,0],"31":[12,0]},"f":{"1":12,"2":0,"3":12,"4":0,"5":0,"6":0,"7":0,"8":12,"9":36,"10":0,"11":0,"12":12,"13":0,"14":0,"15":0,"16":0,"17":0,"18":0,"19":0,"20":0,"21":0,"22":12,"23":12,"24":0,"25":12,"26":0,"27":0,"28":0,"29":0,"30":0,"31":0,"32":0,"33":0,"34":0,"35":12,"36":0,"37":0,"38":12,"39":0},"fnMap":{"1":{"name":"onlyPushChannelAdmin","line":66,"loc":{"start":{"line":66,"column":4},"end":{"line":69,"column":4}}},"2":{"name":"onlyGovernance","line":71,"loc":{"start":{"line":71,"column":4},"end":{"line":74,"column":4}}},"3":{"name":"onlyInactiveChannels","line":76,"loc":{"start":{"line":76,"column":4},"end":{"line":82,"column":4}}},"4":{"name":"onlyActivatedChannels","line":83,"loc":{"start":{"line":83,"column":4},"end":{"line":89,"column":4}}},"5":{"name":"onlyDeactivatedChannels","line":91,"loc":{"start":{"line":91,"column":4},"end":{"line":97,"column":4}}},"6":{"name":"onlyUnblockedChannels","line":99,"loc":{"start":{"line":99,"column":4},"end":{"line":106,"column":4}}},"7":{"name":"onlyChannelOwner","line":108,"loc":{"start":{"line":108,"column":4},"end":{"line":116,"column":4}}},"8":{"name":"onlyUserAllowedChannelType","line":118,"loc":{"start":{"line":118,"column":4},"end":{"line":126,"column":4}}},"9":{"name":"initialize","line":141,"loc":{"start":{"line":132,"column":4},"end":{"line":163,"column":4}}},"10":{"name":"updateWETHAddress","line":170,"loc":{"start":{"line":170,"column":4},"end":{"line":172,"column":4}}},"11":{"name":"updateUniswapRouterAddress","line":174,"loc":{"start":{"line":174,"column":4},"end":{"line":176,"column":4}}},"12":{"name":"setEpnsCommunicatorAddress","line":180,"loc":{"start":{"line":178,"column":4},"end":{"line":183,"column":4}}},"13":{"name":"setGovernanceAddress","line":187,"loc":{"start":{"line":185,"column":4},"end":{"line":190,"column":4}}},"14":{"name":"setMigrationComplete","line":192,"loc":{"start":{"line":192,"column":4},"end":{"line":194,"column":4}}},"15":{"name":"setChannelDeactivationFees","line":196,"loc":{"start":{"line":196,"column":4},"end":{"line":202,"column":4}}},"16":{"name":"setMinChannelCreationFees","line":210,"loc":{"start":{"line":210,"column":4},"end":{"line":216,"column":4}}},"17":{"name":"transferPushChannelAdminControl","line":219,"loc":{"start":{"line":219,"column":4},"end":{"line":223,"column":4}}},"18":{"name":"getChannelState","line":230,"loc":{"start":{"line":230,"column":4},"end":{"line":232,"column":4}}},"19":{"name":"updateChannelMeta","line":244,"loc":{"start":{"line":242,"column":4},"end":{"line":249,"column":4}}},"20":{"name":"_updateChannelMeta","line":251,"loc":{"start":{"line":251,"column":4},"end":{"line":253,"column":4}}},"21":{"name":"createChannelForPushChannelAdmin","line":255,"loc":{"start":{"line":255,"column":4},"end":{"line":286,"column":4}}},"22":{"name":"createChannelWithFees","line":305,"loc":{"start":{"line":298,"column":4},"end":{"line":312,"column":4}}},"23":{"name":"_createChannelWithFees","line":314,"loc":{"start":{"line":314,"column":4},"end":{"line":327,"column":4}}},"24":{"name":"migrateChannelData","line":351,"loc":{"start":{"line":344,"column":4},"end":{"line":375,"column":4}}},"25":{"name":"_createChannel","line":386,"loc":{"start":{"line":386,"column":4},"end":{"line":450,"column":4}}},"26":{"name":"createChannelSettings","line":472,"loc":{"start":{"line":468,"column":4},"end":{"line":487,"column":4}}},"27":{"name":"deactivateChannel","line":499,"loc":{"start":{"line":499,"column":4},"end":{"line":534,"column":4}}},"28":{"name":"reactivateChannel","line":548,"loc":{"start":{"line":546,"column":4},"end":{"line":582,"column":4}}},"29":{"name":"blockChannel","line":604,"loc":{"start":{"line":601,"column":5},"end":{"line":640,"column":5}}},"30":{"name":"getChannelVerfication","line":652,"loc":{"start":{"line":652,"column":4},"end":{"line":682,"column":4}}},"31":{"name":"batchVerification","line":684,"loc":{"start":{"line":684,"column":4},"end":{"line":689,"column":4}}},"32":{"name":"batchRevokeVerification","line":691,"loc":{"start":{"line":691,"column":4},"end":{"line":696,"column":4}}},"33":{"name":"verifyChannel","line":702,"loc":{"start":{"line":702,"column":4},"end":{"line":720,"column":4}}},"34":{"name":"unverifyChannel","line":727,"loc":{"start":{"line":727,"column":4},"end":{"line":738,"column":4}}},"35":{"name":"_depositFundsToPool","line":752,"loc":{"start":{"line":752,"column":4},"end":{"line":762,"column":4}}},"36":{"name":"swapAndTransferPUSH","line":770,"loc":{"start":{"line":770,"column":4},"end":{"line":790,"column":4}}},"37":{"name":"swapADaiForDai","line":792,"loc":{"start":{"line":792,"column":4},"end":{"line":799,"column":4}}},"38":{"name":"_readjustFairShareOfChannels","line":819,"loc":{"start":{"line":819,"column":4},"end":{"line":886,"column":4}}},"39":{"name":"getChainId","line":888,"loc":{"start":{"line":888,"column":4},"end":{"line":894,"column":4}}}},"statementMap":{"1":{"start":{"line":67,"column":8},"end":{"line":67,"column":111}},"2":{"start":{"line":72,"column":8},"end":{"line":72,"column":93}},"3":{"start":{"line":77,"column":8},"end":{"line":77,"column":2519}},"4":{"start":{"line":84,"column":8},"end":{"line":84,"column":2743}},"5":{"start":{"line":92,"column":8},"end":{"line":92,"column":2992}},"6":{"start":{"line":100,"column":8},"end":{"line":100,"column":3225}},"7":{"start":{"line":109,"column":8},"end":{"line":109,"column":3528}},"8":{"start":{"line":119,"column":8},"end":{"line":119,"column":3910}},"9":{"start":{"line":143,"column":8},"end":{"line":143,"column":43}},"10":{"start":{"line":144,"column":8},"end":{"line":144,"column":37}},"11":{"start":{"line":145,"column":8},"end":{"line":145,"column":31}},"12":{"start":{"line":146,"column":8},"end":{"line":146,"column":33}},"13":{"start":{"line":147,"column":8},"end":{"line":147,"column":34}},"14":{"start":{"line":148,"column":8},"end":{"line":148,"column":36}},"15":{"start":{"line":149,"column":8},"end":{"line":149,"column":45}},"16":{"start":{"line":150,"column":8},"end":{"line":150,"column":48}},"17":{"start":{"line":151,"column":8},"end":{"line":151,"column":63}},"18":{"start":{"line":153,"column":8},"end":{"line":153,"column":43}},"19":{"start":{"line":154,"column":8},"end":{"line":154,"column":51}},"20":{"start":{"line":155,"column":8},"end":{"line":155,"column":38}},"21":{"start":{"line":157,"column":8},"end":{"line":157,"column":31}},"22":{"start":{"line":158,"column":8},"end":{"line":158,"column":37}},"23":{"start":{"line":159,"column":8},"end":{"line":159,"column":47}},"24":{"start":{"line":162,"column":8},"end":{"line":162,"column":21}},"25":{"start":{"line":171,"column":8},"end":{"line":171,"column":33}},"26":{"start":{"line":175,"column":8},"end":{"line":175,"column":38}},"27":{"start":{"line":182,"column":8},"end":{"line":182,"column":38}},"28":{"start":{"line":189,"column":6},"end":{"line":189,"column":36}},"29":{"start":{"line":193,"column":8},"end":{"line":193,"column":33}},"30":{"start":{"line":197,"column":8},"end":{"line":197,"column":6463}},"31":{"start":{"line":201,"column":8},"end":{"line":201,"column":43}},"32":{"start":{"line":211,"column":8},"end":{"line":211,"column":7037}},"33":{"start":{"line":215,"column":8},"end":{"line":215,"column":38}},"34":{"start":{"line":220,"column":8},"end":{"line":220,"column":103}},"35":{"start":{"line":221,"column":8},"end":{"line":221,"column":115}},"36":{"start":{"line":222,"column":8},"end":{"line":222,"column":35}},"37":{"start":{"line":231,"column":8},"end":{"line":231,"column":46}},"38":{"start":{"line":246,"column":8},"end":{"line":246,"column":50}},"39":{"start":{"line":248,"column":8},"end":{"line":248,"column":35}},"40":{"start":{"line":252,"column":8},"end":{"line":252,"column":59}},"41":{"start":{"line":256,"column":8},"end":{"line":256,"column":116}},"42":{"start":{"line":266,"column":8},"end":{"line":266,"column":75}},"43":{"start":{"line":267,"column":9},"end":{"line":267,"column":9358}},"44":{"start":{"line":274,"column":8},"end":{"line":274,"column":9564}},"45":{"start":{"line":279,"column":8},"end":{"line":279,"column":9685}},"46":{"start":{"line":285,"column":8},"end":{"line":285,"column":26}},"47":{"start":{"line":308,"column":8},"end":{"line":308,"column":60}},"48":{"start":{"line":311,"column":8},"end":{"line":311,"column":64}},"49":{"start":{"line":320,"column":8},"end":{"line":320,"column":11277}},"50":{"start":{"line":324,"column":8},"end":{"line":324,"column":76}},"51":{"start":{"line":325,"column":8},"end":{"line":325,"column":35}},"52":{"start":{"line":326,"column":8},"end":{"line":326,"column":54}},"53":{"start":{"line":352,"column":8},"end":{"line":352,"column":12751}},"54":{"start":{"line":357,"column":8},"end":{"line":357,"column":12886}},"55":{"start":{"line":364,"column":8},"end":{"line":364,"column":13192}},"56":{"start":{"line":365,"column":16},"end":{"line":365,"column":13264}},"57":{"start":{"line":368,"column":16},"end":{"line":368,"column":93}},"58":{"start":{"line":369,"column":16},"end":{"line":369,"column":50}},"59":{"start":{"line":370,"column":16},"end":{"line":370,"column":92}},"60":{"start":{"line":371,"column":16},"end":{"line":371,"column":88}},"61":{"start":{"line":374,"column":8},"end":{"line":374,"column":19}},"62":{"start":{"line":392,"column":8},"end":{"line":392,"column":14537}},"63":{"start":{"line":397,"column":8},"end":{"line":397,"column":42}},"64":{"start":{"line":399,"column":8},"end":{"line":399,"column":61}},"65":{"start":{"line":400,"column":8},"end":{"line":400,"column":52}},"66":{"start":{"line":401,"column":8},"end":{"line":401,"column":58}},"67":{"start":{"line":402,"column":8},"end":{"line":402,"column":59}},"68":{"start":{"line":403,"column":8},"end":{"line":403,"column":56}},"69":{"start":{"line":406,"column":8},"end":{"line":406,"column":44}},"70":{"start":{"line":407,"column":8},"end":{"line":407,"column":43}},"71":{"start":{"line":410,"column":8},"end":{"line":410,"column":15292}},"72":{"start":{"line":415,"column":12},"end":{"line":415,"column":15511}},"73":{"start":{"line":432,"column":8},"end":{"line":432,"column":16023}},"74":{"start":{"line":433,"column":12},"end":{"line":433,"column":16075}},"75":{"start":{"line":440,"column":8},"end":{"line":440,"column":16313}},"76":{"start":{"line":441,"column":12},"end":{"line":441,"column":16361}},"77":{"start":{"line":445,"column":12},"end":{"line":445,"column":16491}},"78":{"start":{"line":473,"column":8},"end":{"line":473,"column":18089}},"79":{"start":{"line":480,"column":8},"end":{"line":480,"column":54}},"80":{"start":{"line":481,"column":8},"end":{"line":481,"column":18347}},"81":{"start":{"line":500,"column":8},"end":{"line":500,"column":58}},"82":{"start":{"line":502,"column":8},"end":{"line":502,"column":67}},"83":{"start":{"line":503,"column":8},"end":{"line":503,"column":19589}},"84":{"start":{"line":507,"column":8},"end":{"line":507,"column":61}},"85":{"start":{"line":508,"column":8},"end":{"line":508,"column":19810}},"86":{"start":{"line":512,"column":8},"end":{"line":512,"column":19918}},"87":{"start":{"line":527,"column":8},"end":{"line":527,"column":35}},"88":{"start":{"line":528,"column":8},"end":{"line":528,"column":57}},"89":{"start":{"line":529,"column":8},"end":{"line":529,"column":52}},"90":{"start":{"line":530,"column":8},"end":{"line":530,"column":63}},"91":{"start":{"line":532,"column":8},"end":{"line":532,"column":79}},"92":{"start":{"line":533,"column":8},"end":{"line":533,"column":65}},"93":{"start":{"line":550,"column":8},"end":{"line":550,"column":21468}},"94":{"start":{"line":554,"column":8},"end":{"line":554,"column":78}},"95":{"start":{"line":555,"column":8},"end":{"line":555,"column":35}},"96":{"start":{"line":557,"column":8},"end":{"line":557,"column":70}},"97":{"start":{"line":558,"column":8},"end":{"line":558,"column":80}},"98":{"start":{"line":559,"column":8},"end":{"line":559,"column":21925}},"99":{"start":{"line":562,"column":8},"end":{"line":562,"column":22068}},"100":{"start":{"line":577,"column":8},"end":{"line":577,"column":44}},"101":{"start":{"line":578,"column":8},"end":{"line":578,"column":55}},"102":{"start":{"line":579,"column":8},"end":{"line":579,"column":58}},"103":{"start":{"line":581,"column":8},"end":{"line":581,"column":51}},"104":{"start":{"line":605,"column":7},"end":{"line":605,"column":62}},"105":{"start":{"line":607,"column":7},"end":{"line":607,"column":66}},"106":{"start":{"line":608,"column":7},"end":{"line":608,"column":23693}},"107":{"start":{"line":612,"column":7},"end":{"line":612,"column":60}},"108":{"start":{"line":613,"column":7},"end":{"line":613,"column":23910}},"109":{"start":{"line":617,"column":7},"end":{"line":617,"column":42}},"110":{"start":{"line":619,"column":7},"end":{"line":619,"column":34}},"111":{"start":{"line":620,"column":7},"end":{"line":620,"column":51}},"112":{"start":{"line":621,"column":7},"end":{"line":621,"column":51}},"113":{"start":{"line":622,"column":7},"end":{"line":622,"column":62}},"114":{"start":{"line":623,"column":7},"end":{"line":623,"column":72}},"115":{"start":{"line":624,"column":7},"end":{"line":624,"column":24346}},"116":{"start":{"line":639,"column":7},"end":{"line":639,"column":43}},"117":{"start":{"line":657,"column":6},"end":{"line":657,"column":56}},"118":{"start":{"line":658,"column":6},"end":{"line":658,"column":32}},"119":{"start":{"line":661,"column":6},"end":{"line":661,"column":25490}},"120":{"start":{"line":663,"column":8},"end":{"line":663,"column":29}},"121":{"start":{"line":667,"column":8},"end":{"line":667,"column":25767}},"122":{"start":{"line":668,"column":10},"end":{"line":668,"column":25804}},"123":{"start":{"line":669,"column":12},"end":{"line":669,"column":33}},"124":{"start":{"line":670,"column":12},"end":{"line":670,"column":31}},"125":{"start":{"line":672,"column":15},"end":{"line":672,"column":25935}},"126":{"start":{"line":673,"column":12},"end":{"line":673,"column":33}},"127":{"start":{"line":674,"column":12},"end":{"line":674,"column":31}},"128":{"start":{"line":678,"column":12},"end":{"line":678,"column":55}},"129":{"start":{"line":685,"column":6},"end":{"line":685,"column":26359}},"130":{"start":{"line":686,"column":8},"end":{"line":686,"column":37}},"131":{"start":{"line":688,"column":6},"end":{"line":688,"column":17}},"132":{"start":{"line":692,"column":6},"end":{"line":692,"column":26643}},"133":{"start":{"line":693,"column":8},"end":{"line":693,"column":39}},"134":{"start":{"line":695,"column":6},"end":{"line":695,"column":17}},"135":{"start":{"line":704,"column":6},"end":{"line":704,"column":62}},"136":{"start":{"line":705,"column":6},"end":{"line":705,"column":85}},"137":{"start":{"line":708,"column":6},"end":{"line":708,"column":61}},"138":{"start":{"line":709,"column":6},"end":{"line":709,"column":27418}},"139":{"start":{"line":716,"column":6},"end":{"line":716,"column":47}},"140":{"start":{"line":719,"column":6},"end":{"line":719,"column":48}},"141":{"start":{"line":728,"column":6},"end":{"line":728,"column":28046}},"142":{"start":{"line":734,"column":6},"end":{"line":734,"column":49}},"143":{"start":{"line":737,"column":6},"end":{"line":737,"column":59}},"144":{"start":{"line":753,"column":8},"end":{"line":753,"column":42}},"145":{"start":{"line":755,"column":8},"end":{"line":755,"column":28931}},"146":{"start":{"line":758,"column":8},"end":{"line":758,"column":74}},"147":{"start":{"line":759,"column":8},"end":{"line":759,"column":72}},"148":{"start":{"line":761,"column":8},"end":{"line":761,"column":69}},"149":{"start":{"line":774,"column":8},"end":{"line":774,"column":34}},"150":{"start":{"line":775,"column":8},"end":{"line":775,"column":65}},"151":{"start":{"line":777,"column":8},"end":{"line":777,"column":48}},"152":{"start":{"line":778,"column":8},"end":{"line":778,"column":27}},"153":{"start":{"line":779,"column":8},"end":{"line":779,"column":29}},"154":{"start":{"line":780,"column":8},"end":{"line":780,"column":35}},"155":{"start":{"line":782,"column":8},"end":{"line":782,"column":30000}},"156":{"start":{"line":789,"column":8},"end":{"line":789,"column":19}},"157":{"start":{"line":793,"column":6},"end":{"line":793,"column":30280}},"158":{"start":{"line":796,"column":6},"end":{"line":796,"column":72}},"159":{"start":{"line":798,"column":6},"end":{"line":798,"column":39}},"160":{"start":{"line":838,"column":8},"end":{"line":838,"column":52}},"161":{"start":{"line":840,"column":8},"end":{"line":840,"column":65}},"162":{"start":{"line":842,"column":8},"end":{"line":842,"column":73}},"163":{"start":{"line":844,"column":8},"end":{"line":844,"column":32476}},"164":{"start":{"line":845,"column":12},"end":{"line":845,"column":47}},"165":{"start":{"line":846,"column":12},"end":{"line":846,"column":56}},"166":{"start":{"line":848,"column":15},"end":{"line":848,"column":32646}},"167":{"start":{"line":849,"column":12},"end":{"line":849,"column":47}},"168":{"start":{"line":850,"column":12},"end":{"line":850,"column":79}},"169":{"start":{"line":852,"column":15},"end":{"line":852,"column":32841}},"170":{"start":{"line":853,"column":12},"end":{"line":853,"column":79}},"171":{"start":{"line":857,"column":12},"end":{"line":857,"column":85}},"172":{"start":{"line":865,"column":8},"end":{"line":865,"column":33}},"173":{"start":{"line":866,"column":8},"end":{"line":866,"column":54}},"174":{"start":{"line":867,"column":8},"end":{"line":867,"column":50}},"175":{"start":{"line":868,"column":8},"end":{"line":868,"column":37}},"176":{"start":{"line":870,"column":8},"end":{"line":870,"column":29}},"177":{"start":{"line":871,"column":8},"end":{"line":871,"column":31}},"178":{"start":{"line":874,"column":8},"end":{"line":874,"column":21}},"179":{"start":{"line":876,"column":8},"end":{"line":876,"column":33821}},"180":{"start":{"line":878,"column":12},"end":{"line":878,"column":16}},"181":{"start":{"line":882,"column":8},"end":{"line":882,"column":36}},"182":{"start":{"line":883,"column":8},"end":{"line":883,"column":35}},"183":{"start":{"line":884,"column":8},"end":{"line":884,"column":30}},"184":{"start":{"line":885,"column":8},"end":{"line":885,"column":40}},"185":{"start":{"line":889,"column":8},"end":{"line":889,"column":23}},"186":{"start":{"line":893,"column":8},"end":{"line":893,"column":22}}},"branchMap":{"1":{"line":67,"type":"if","locations":[{"start":{"line":67,"column":8},"end":{"line":67,"column":8}},{"start":{"line":67,"column":8},"end":{"line":67,"column":8}}]},"2":{"line":72,"type":"if","locations":[{"start":{"line":72,"column":8},"end":{"line":72,"column":8}},{"start":{"line":72,"column":8},"end":{"line":72,"column":8}}]},"3":{"line":77,"type":"if","locations":[{"start":{"line":77,"column":8},"end":{"line":77,"column":8}},{"start":{"line":77,"column":8},"end":{"line":77,"column":8}}]},"4":{"line":84,"type":"if","locations":[{"start":{"line":84,"column":8},"end":{"line":84,"column":8}},{"start":{"line":84,"column":8},"end":{"line":84,"column":8}}]},"5":{"line":92,"type":"if","locations":[{"start":{"line":92,"column":8},"end":{"line":92,"column":8}},{"start":{"line":92,"column":8},"end":{"line":92,"column":8}}]},"6":{"line":100,"type":"if","locations":[{"start":{"line":100,"column":8},"end":{"line":100,"column":8}},{"start":{"line":100,"column":8},"end":{"line":100,"column":8}}]},"7":{"line":109,"type":"if","locations":[{"start":{"line":109,"column":8},"end":{"line":109,"column":8}},{"start":{"line":109,"column":8},"end":{"line":109,"column":8}}]},"8":{"line":119,"type":"if","locations":[{"start":{"line":119,"column":8},"end":{"line":119,"column":8}},{"start":{"line":119,"column":8},"end":{"line":119,"column":8}}]},"9":{"line":197,"type":"if","locations":[{"start":{"line":197,"column":8},"end":{"line":197,"column":8}},{"start":{"line":197,"column":8},"end":{"line":197,"column":8}}]},"10":{"line":211,"type":"if","locations":[{"start":{"line":211,"column":8},"end":{"line":211,"column":8}},{"start":{"line":211,"column":8},"end":{"line":211,"column":8}}]},"11":{"line":220,"type":"if","locations":[{"start":{"line":220,"column":8},"end":{"line":220,"column":8}},{"start":{"line":220,"column":8},"end":{"line":220,"column":8}}]},"12":{"line":221,"type":"if","locations":[{"start":{"line":221,"column":8},"end":{"line":221,"column":8}},{"start":{"line":221,"column":8},"end":{"line":221,"column":8}}]},"13":{"line":256,"type":"if","locations":[{"start":{"line":256,"column":8},"end":{"line":256,"column":8}},{"start":{"line":256,"column":8},"end":{"line":256,"column":8}}]},"14":{"line":320,"type":"if","locations":[{"start":{"line":320,"column":8},"end":{"line":320,"column":8}},{"start":{"line":320,"column":8},"end":{"line":320,"column":8}}]},"15":{"line":352,"type":"if","locations":[{"start":{"line":352,"column":8},"end":{"line":352,"column":8}},{"start":{"line":352,"column":8},"end":{"line":352,"column":8}}]},"16":{"line":357,"type":"if","locations":[{"start":{"line":357,"column":8},"end":{"line":357,"column":8}},{"start":{"line":357,"column":8},"end":{"line":357,"column":8}}]},"17":{"line":365,"type":"if","locations":[{"start":{"line":365,"column":16},"end":{"line":365,"column":16}},{"start":{"line":365,"column":16},"end":{"line":365,"column":16}}]},"18":{"line":410,"type":"if","locations":[{"start":{"line":410,"column":8},"end":{"line":410,"column":8}},{"start":{"line":410,"column":8},"end":{"line":410,"column":8}}]},"19":{"line":432,"type":"if","locations":[{"start":{"line":432,"column":8},"end":{"line":432,"column":8}},{"start":{"line":432,"column":8},"end":{"line":432,"column":8}}]},"20":{"line":440,"type":"if","locations":[{"start":{"line":440,"column":8},"end":{"line":440,"column":8}},{"start":{"line":440,"column":8},"end":{"line":440,"column":8}}]},"21":{"line":550,"type":"if","locations":[{"start":{"line":550,"column":8},"end":{"line":550,"column":8}},{"start":{"line":550,"column":8},"end":{"line":550,"column":8}}]},"22":{"line":661,"type":"if","locations":[{"start":{"line":661,"column":6},"end":{"line":661,"column":6}},{"start":{"line":661,"column":6},"end":{"line":661,"column":6}}]},"23":{"line":668,"type":"if","locations":[{"start":{"line":668,"column":10},"end":{"line":668,"column":10}},{"start":{"line":668,"column":10},"end":{"line":668,"column":10}}]},"24":{"line":672,"type":"if","locations":[{"start":{"line":672,"column":15},"end":{"line":672,"column":15}},{"start":{"line":672,"column":15},"end":{"line":672,"column":15}}]},"25":{"line":705,"type":"if","locations":[{"start":{"line":705,"column":6},"end":{"line":705,"column":6}},{"start":{"line":705,"column":6},"end":{"line":705,"column":6}}]},"26":{"line":709,"type":"if","locations":[{"start":{"line":709,"column":6},"end":{"line":709,"column":6}},{"start":{"line":709,"column":6},"end":{"line":709,"column":6}}]},"27":{"line":728,"type":"if","locations":[{"start":{"line":728,"column":6},"end":{"line":728,"column":6}},{"start":{"line":728,"column":6},"end":{"line":728,"column":6}}]},"28":{"line":844,"type":"if","locations":[{"start":{"line":844,"column":8},"end":{"line":844,"column":8}},{"start":{"line":844,"column":8},"end":{"line":844,"column":8}}]},"29":{"line":848,"type":"if","locations":[{"start":{"line":848,"column":15},"end":{"line":848,"column":15}},{"start":{"line":848,"column":15},"end":{"line":848,"column":15}}]},"30":{"line":852,"type":"if","locations":[{"start":{"line":852,"column":15},"end":{"line":852,"column":15}},{"start":{"line":852,"column":15},"end":{"line":852,"column":15}}]},"31":{"line":876,"type":"if","locations":[{"start":{"line":876,"column":8},"end":{"line":876,"column":8}},{"start":{"line":876,"column":8},"end":{"line":876,"column":8}}]}}},"contracts/EPNSCore/EPNSCoreV2.sol":{"l":{"68":0,"69":0,"73":0,"74":0,"78":0,"82":0,"85":0,"89":0,"93":0,"97":0,"101":0,"106":0,"110":0,"116":0,"120":0,"126":0,"144":0,"145":0,"146":0,"147":0,"148":0,"149":0,"150":0,"151":0,"152":0,"154":0,"155":0,"156":0,"158":0,"159":0,"160":0,"163":0,"172":0,"176":0,"183":0,"190":0,"194":0,"198":0,"202":0,"206":0,"210":0,"220":0,"224":0,"229":0,"230":0,"231":0,"240":0,"268":0,"269":0,"274":0,"279":0,"280":0,"281":0,"283":0,"284":0,"288":0,"298":0,"299":0,"306":0,"311":0,"317":0,"341":0,"345":0,"347":0,"348":0,"349":0,"375":0,"380":0,"387":0,"388":0,"389":0,"391":0,"392":0,"393":0,"396":0,"414":0,"419":0,"421":0,"422":0,"423":0,"424":0,"425":0,"428":0,"429":0,"432":0,"437":0,"454":0,"455":0,"462":0,"463":0,"467":0,"495":0,"502":0,"503":0,"522":0,"524":0,"525":0,"529":0,"530":0,"534":0,"549":0,"550":0,"551":0,"552":0,"554":0,"572":0,"576":0,"578":0,"579":0,"580":0,"583":0,"598":0,"599":0,"600":0,"602":0,"627":0,"629":0,"630":0,"634":0,"635":0,"639":0,"641":0,"642":0,"643":0,"644":0,"645":0,"646":0,"661":0,"679":0,"680":0,"683":0,"685":0,"689":0,"690":0,"691":0,"692":0,"695":0,"696":0,"700":0,"707":0,"708":0,"710":0,"714":0,"715":0,"717":0,"726":0,"727":0,"730":0,"731":0,"738":0,"741":0,"750":0,"756":0,"759":0,"799":0,"801":0,"803":0,"805":0,"806":0,"807":0,"810":0,"811":0,"814":0,"818":0,"826":0,"827":0,"828":0,"829":0,"831":0,"832":0,"835":0,"837":0,"839":0,"843":0,"844":0,"845":0,"846":0,"850":0,"851":0,"854":0},"path":"/Users/mdteach/Codes/epns-/epns-protocol-staging/contracts/EPNSCore/EPNSCoreV2.sol","s":{"1":0,"2":0,"3":0,"4":0,"5":0,"6":0,"7":0,"8":0,"9":0,"10":0,"11":0,"12":0,"13":0,"14":0,"15":0,"16":0,"17":0,"18":0,"19":0,"20":0,"21":0,"22":0,"23":0,"24":0,"25":0,"26":0,"27":0,"28":0,"29":0,"30":0,"31":0,"32":0,"33":0,"34":0,"35":0,"36":0,"37":0,"38":0,"39":0,"40":0,"41":0,"42":0,"43":0,"44":0,"45":0,"46":0,"47":0,"48":0,"49":0,"50":0,"51":0,"52":0,"53":0,"54":0,"55":0,"56":0,"57":0,"58":0,"59":0,"60":0,"61":0,"62":0,"63":0,"64":0,"65":0,"66":0,"67":0,"68":0,"69":0,"70":0,"71":0,"72":0,"73":0,"74":0,"75":0,"76":0,"77":0,"78":0,"79":0,"80":0,"81":0,"82":0,"83":0,"84":0,"85":0,"86":0,"87":0,"88":0,"89":0,"90":0,"91":0,"92":0,"93":0,"94":0,"95":0,"96":0,"97":0,"98":0,"99":0,"100":0,"101":0,"102":0,"103":0,"104":0,"105":0,"106":0,"107":0,"108":0,"109":0,"110":0,"111":0,"112":0,"113":0,"114":0,"115":0,"116":0,"117":0,"118":0,"119":0,"120":0,"121":0,"122":0,"123":0,"124":0,"125":0,"126":0,"127":0,"128":0,"129":0,"130":0,"131":0,"132":0,"133":0,"134":0,"135":0,"136":0,"137":0,"138":0,"139":0,"140":0,"141":0,"142":0,"143":0,"144":0,"145":0,"146":0,"147":0,"148":0,"149":0,"150":0,"151":0,"152":0,"153":0,"154":0,"155":0,"156":0,"157":0,"158":0,"159":0,"160":0,"161":0,"162":0,"163":0,"164":0,"165":0,"166":0,"167":0,"168":0,"169":0,"170":0,"171":0,"172":0,"173":0},"b":{"1":[0,0],"2":[0,0],"3":[0,0],"4":[0,0],"5":[0,0],"6":[0,0],"7":[0,0],"8":[0,0],"9":[0,0],"10":[0,0],"11":[0,0],"12":[0,0],"13":[0,0],"14":[0,0],"15":[0,0],"16":[0,0],"17":[0,0],"18":[0,0],"19":[0,0],"20":[0,0],"21":[0,0],"22":[0,0],"23":[0,0],"24":[0,0],"25":[0,0],"26":[0,0],"27":[0,0],"28":[0,0],"29":[0,0],"30":[0,0],"31":[0,0],"32":[0,0],"33":[0,0],"34":[0,0]},"f":{"1":0,"2":0,"3":0,"4":0,"5":0,"6":0,"7":0,"8":0,"9":0,"10":0,"11":0,"12":0,"13":0,"14":0,"15":0,"16":0,"17":0,"18":0,"19":0,"20":0,"21":0,"22":0,"23":0,"24":0,"25":0,"26":0,"27":0,"28":0,"29":0,"30":0,"31":0,"32":0,"33":0,"34":0,"35":0,"36":0},"fnMap":{"1":{"name":"onlyPushChannelAdmin","line":67,"loc":{"start":{"line":67,"column":4},"end":{"line":70,"column":4}}},"2":{"name":"onlyGovernance","line":72,"loc":{"start":{"line":72,"column":4},"end":{"line":75,"column":4}}},"3":{"name":"onlyInactiveChannels","line":77,"loc":{"start":{"line":77,"column":4},"end":{"line":83,"column":4}}},"4":{"name":"onlyActivatedChannels","line":84,"loc":{"start":{"line":84,"column":4},"end":{"line":90,"column":4}}},"5":{"name":"onlyDeactivatedChannels","line":92,"loc":{"start":{"line":92,"column":4},"end":{"line":98,"column":4}}},"6":{"name":"onlyUnblockedChannels","line":100,"loc":{"start":{"line":100,"column":4},"end":{"line":107,"column":4}}},"7":{"name":"onlyChannelOwner","line":109,"loc":{"start":{"line":109,"column":4},"end":{"line":117,"column":4}}},"8":{"name":"onlyUserAllowedChannelType","line":119,"loc":{"start":{"line":119,"column":4},"end":{"line":127,"column":4}}},"9":{"name":"initialize","line":142,"loc":{"start":{"line":133,"column":4},"end":{"line":164,"column":4}}},"10":{"name":"updateWETHAddress","line":171,"loc":{"start":{"line":171,"column":4},"end":{"line":173,"column":4}}},"11":{"name":"updateUniswapRouterAddress","line":175,"loc":{"start":{"line":175,"column":4},"end":{"line":177,"column":4}}},"12":{"name":"setEpnsCommunicatorAddress","line":181,"loc":{"start":{"line":179,"column":4},"end":{"line":184,"column":4}}},"13":{"name":"setGovernanceAddress","line":188,"loc":{"start":{"line":186,"column":4},"end":{"line":191,"column":4}}},"14":{"name":"setMigrationComplete","line":193,"loc":{"start":{"line":193,"column":4},"end":{"line":195,"column":4}}},"15":{"name":"setChannelDeactivationFees","line":197,"loc":{"start":{"line":197,"column":4},"end":{"line":203,"column":4}}},"16":{"name":"pauseContract","line":205,"loc":{"start":{"line":205,"column":4},"end":{"line":207,"column":4}}},"17":{"name":"unPauseContract","line":209,"loc":{"start":{"line":209,"column":4},"end":{"line":211,"column":4}}},"18":{"name":"setMinChannelCreationFees","line":219,"loc":{"start":{"line":219,"column":4},"end":{"line":225,"column":4}}},"19":{"name":"transferPushChannelAdminControl","line":228,"loc":{"start":{"line":228,"column":4},"end":{"line":232,"column":4}}},"20":{"name":"getChannelState","line":239,"loc":{"start":{"line":239,"column":4},"end":{"line":241,"column":4}}},"21":{"name":"updateChannelMeta","line":266,"loc":{"start":{"line":263,"column":4},"end":{"line":285,"column":4}}},"22":{"name":"createChannelForPushChannelAdmin","line":287,"loc":{"start":{"line":287,"column":4},"end":{"line":318,"column":4}}},"23":{"name":"createChannelWithPUSH","line":339,"loc":{"start":{"line":331,"column":4},"end":{"line":350,"column":4}}},"24":{"name":"migrateChannelData","line":374,"loc":{"start":{"line":367,"column":4},"end":{"line":397,"column":4}}},"25":{"name":"_createChannel","line":408,"loc":{"start":{"line":408,"column":4},"end":{"line":472,"column":4}}},"26":{"name":"createChannelSettings","line":494,"loc":{"start":{"line":490,"column":4},"end":{"line":509,"column":4}}},"27":{"name":"deactivateChannel","line":521,"loc":{"start":{"line":521,"column":4},"end":{"line":555,"column":4}}},"28":{"name":"reactivateChannel","line":570,"loc":{"start":{"line":567,"column":4},"end":{"line":603,"column":4}}},"29":{"name":"blockChannel","line":626,"loc":{"start":{"line":622,"column":5},"end":{"line":662,"column":5}}},"30":{"name":"getChannelVerfication","line":674,"loc":{"start":{"line":674,"column":4},"end":{"line":704,"column":4}}},"31":{"name":"batchVerification","line":706,"loc":{"start":{"line":706,"column":4},"end":{"line":711,"column":4}}},"32":{"name":"batchRevokeVerification","line":713,"loc":{"start":{"line":713,"column":4},"end":{"line":718,"column":4}}},"33":{"name":"verifyChannel","line":724,"loc":{"start":{"line":724,"column":4},"end":{"line":742,"column":4}}},"34":{"name":"unverifyChannel","line":749,"loc":{"start":{"line":749,"column":4},"end":{"line":760,"column":4}}},"35":{"name":"_readjustFairShareOfChannels","line":780,"loc":{"start":{"line":780,"column":4},"end":{"line":847,"column":4}}},"36":{"name":"getChainId","line":849,"loc":{"start":{"line":849,"column":4},"end":{"line":855,"column":4}}}},"statementMap":{"1":{"start":{"line":68,"column":8},"end":{"line":68,"column":111}},"2":{"start":{"line":73,"column":8},"end":{"line":73,"column":93}},"3":{"start":{"line":78,"column":8},"end":{"line":78,"column":2582}},"4":{"start":{"line":85,"column":8},"end":{"line":85,"column":2806}},"5":{"start":{"line":93,"column":8},"end":{"line":93,"column":3055}},"6":{"start":{"line":101,"column":8},"end":{"line":101,"column":3288}},"7":{"start":{"line":110,"column":8},"end":{"line":110,"column":3591}},"8":{"start":{"line":120,"column":8},"end":{"line":120,"column":3973}},"9":{"start":{"line":144,"column":8},"end":{"line":144,"column":43}},"10":{"start":{"line":145,"column":8},"end":{"line":145,"column":37}},"11":{"start":{"line":146,"column":8},"end":{"line":146,"column":31}},"12":{"start":{"line":147,"column":8},"end":{"line":147,"column":33}},"13":{"start":{"line":148,"column":8},"end":{"line":148,"column":34}},"14":{"start":{"line":149,"column":8},"end":{"line":149,"column":36}},"15":{"start":{"line":150,"column":8},"end":{"line":150,"column":45}},"16":{"start":{"line":151,"column":8},"end":{"line":151,"column":48}},"17":{"start":{"line":152,"column":8},"end":{"line":152,"column":63}},"18":{"start":{"line":154,"column":8},"end":{"line":154,"column":43}},"19":{"start":{"line":155,"column":8},"end":{"line":155,"column":51}},"20":{"start":{"line":156,"column":8},"end":{"line":156,"column":38}},"21":{"start":{"line":158,"column":8},"end":{"line":158,"column":31}},"22":{"start":{"line":159,"column":8},"end":{"line":159,"column":37}},"23":{"start":{"line":160,"column":8},"end":{"line":160,"column":47}},"24":{"start":{"line":163,"column":8},"end":{"line":163,"column":21}},"25":{"start":{"line":172,"column":8},"end":{"line":172,"column":33}},"26":{"start":{"line":176,"column":8},"end":{"line":176,"column":38}},"27":{"start":{"line":183,"column":8},"end":{"line":183,"column":38}},"28":{"start":{"line":190,"column":6},"end":{"line":190,"column":36}},"29":{"start":{"line":194,"column":8},"end":{"line":194,"column":33}},"30":{"start":{"line":198,"column":8},"end":{"line":198,"column":6532}},"31":{"start":{"line":202,"column":8},"end":{"line":202,"column":43}},"32":{"start":{"line":206,"column":6},"end":{"line":206,"column":13}},"33":{"start":{"line":210,"column":6},"end":{"line":210,"column":15}},"34":{"start":{"line":220,"column":8},"end":{"line":220,"column":7268}},"35":{"start":{"line":224,"column":8},"end":{"line":224,"column":38}},"36":{"start":{"line":229,"column":8},"end":{"line":229,"column":103}},"37":{"start":{"line":230,"column":8},"end":{"line":230,"column":115}},"38":{"start":{"line":231,"column":8},"end":{"line":231,"column":35}},"39":{"start":{"line":240,"column":8},"end":{"line":240,"column":46}},"40":{"start":{"line":268,"column":6},"end":{"line":268,"column":9363}},"41":{"start":{"line":269,"column":8},"end":{"line":269,"column":9414}},"42":{"start":{"line":274,"column":8},"end":{"line":274,"column":9573}},"43":{"start":{"line":279,"column":8},"end":{"line":279,"column":36}},"44":{"start":{"line":280,"column":8},"end":{"line":280,"column":42}},"45":{"start":{"line":281,"column":8},"end":{"line":281,"column":59}},"46":{"start":{"line":283,"column":8},"end":{"line":283,"column":84}},"47":{"start":{"line":284,"column":8},"end":{"line":284,"column":50}},"48":{"start":{"line":288,"column":8},"end":{"line":288,"column":116}},"49":{"start":{"line":298,"column":8},"end":{"line":298,"column":75}},"50":{"start":{"line":299,"column":9},"end":{"line":299,"column":10702}},"51":{"start":{"line":306,"column":8},"end":{"line":306,"column":10908}},"52":{"start":{"line":311,"column":8},"end":{"line":311,"column":11029}},"53":{"start":{"line":317,"column":8},"end":{"line":317,"column":26}},"54":{"start":{"line":341,"column":6},"end":{"line":341,"column":12219}},"55":{"start":{"line":345,"column":8},"end":{"line":345,"column":60}},"56":{"start":{"line":347,"column":8},"end":{"line":347,"column":43}},"57":{"start":{"line":348,"column":8},"end":{"line":348,"column":86}},"58":{"start":{"line":349,"column":8},"end":{"line":349,"column":56}},"59":{"start":{"line":375,"column":8},"end":{"line":375,"column":13776}},"60":{"start":{"line":380,"column":8},"end":{"line":380,"column":13911}},"61":{"start":{"line":387,"column":8},"end":{"line":387,"column":14217}},"62":{"start":{"line":388,"column":16},"end":{"line":388,"column":14289}},"63":{"start":{"line":391,"column":16},"end":{"line":391,"column":93}},"64":{"start":{"line":392,"column":16},"end":{"line":392,"column":92}},"65":{"start":{"line":393,"column":16},"end":{"line":393,"column":88}},"66":{"start":{"line":396,"column":8},"end":{"line":396,"column":19}},"67":{"start":{"line":414,"column":8},"end":{"line":414,"column":15509}},"68":{"start":{"line":419,"column":8},"end":{"line":419,"column":42}},"69":{"start":{"line":421,"column":8},"end":{"line":421,"column":61}},"70":{"start":{"line":422,"column":8},"end":{"line":422,"column":52}},"71":{"start":{"line":423,"column":8},"end":{"line":423,"column":58}},"72":{"start":{"line":424,"column":8},"end":{"line":424,"column":59}},"73":{"start":{"line":425,"column":8},"end":{"line":425,"column":56}},"74":{"start":{"line":428,"column":8},"end":{"line":428,"column":44}},"75":{"start":{"line":429,"column":8},"end":{"line":429,"column":43}},"76":{"start":{"line":432,"column":8},"end":{"line":432,"column":16264}},"77":{"start":{"line":437,"column":12},"end":{"line":437,"column":16483}},"78":{"start":{"line":454,"column":8},"end":{"line":454,"column":16995}},"79":{"start":{"line":455,"column":12},"end":{"line":455,"column":17047}},"80":{"start":{"line":462,"column":8},"end":{"line":462,"column":17285}},"81":{"start":{"line":463,"column":12},"end":{"line":463,"column":17333}},"82":{"start":{"line":467,"column":12},"end":{"line":467,"column":17463}},"83":{"start":{"line":495,"column":8},"end":{"line":495,"column":19061}},"84":{"start":{"line":502,"column":8},"end":{"line":502,"column":54}},"85":{"start":{"line":503,"column":8},"end":{"line":503,"column":19319}},"86":{"start":{"line":522,"column":8},"end":{"line":522,"column":58}},"87":{"start":{"line":524,"column":8},"end":{"line":524,"column":67}},"88":{"start":{"line":525,"column":8},"end":{"line":525,"column":20585}},"89":{"start":{"line":529,"column":8},"end":{"line":529,"column":61}},"90":{"start":{"line":530,"column":8},"end":{"line":530,"column":20806}},"91":{"start":{"line":534,"column":8},"end":{"line":534,"column":20914}},"92":{"start":{"line":549,"column":8},"end":{"line":549,"column":35}},"93":{"start":{"line":550,"column":8},"end":{"line":550,"column":57}},"94":{"start":{"line":551,"column":8},"end":{"line":551,"column":52}},"95":{"start":{"line":552,"column":8},"end":{"line":552,"column":63}},"96":{"start":{"line":554,"column":8},"end":{"line":554,"column":65}},"97":{"start":{"line":572,"column":8},"end":{"line":572,"column":22408}},"98":{"start":{"line":576,"column":8},"end":{"line":576,"column":78}},"99":{"start":{"line":578,"column":8},"end":{"line":578,"column":70}},"100":{"start":{"line":579,"column":8},"end":{"line":579,"column":80}},"101":{"start":{"line":580,"column":8},"end":{"line":580,"column":22827}},"102":{"start":{"line":583,"column":8},"end":{"line":583,"column":22970}},"103":{"start":{"line":598,"column":8},"end":{"line":598,"column":44}},"104":{"start":{"line":599,"column":8},"end":{"line":599,"column":55}},"105":{"start":{"line":600,"column":8},"end":{"line":600,"column":58}},"106":{"start":{"line":602,"column":8},"end":{"line":602,"column":51}},"107":{"start":{"line":627,"column":7},"end":{"line":627,"column":62}},"108":{"start":{"line":629,"column":7},"end":{"line":629,"column":66}},"109":{"start":{"line":630,"column":7},"end":{"line":630,"column":24616}},"110":{"start":{"line":634,"column":7},"end":{"line":634,"column":60}},"111":{"start":{"line":635,"column":7},"end":{"line":635,"column":24833}},"112":{"start":{"line":639,"column":7},"end":{"line":639,"column":42}},"113":{"start":{"line":641,"column":7},"end":{"line":641,"column":34}},"114":{"start":{"line":642,"column":7},"end":{"line":642,"column":51}},"115":{"start":{"line":643,"column":7},"end":{"line":643,"column":51}},"116":{"start":{"line":644,"column":7},"end":{"line":644,"column":62}},"117":{"start":{"line":645,"column":7},"end":{"line":645,"column":72}},"118":{"start":{"line":646,"column":7},"end":{"line":646,"column":25269}},"119":{"start":{"line":661,"column":7},"end":{"line":661,"column":43}},"120":{"start":{"line":679,"column":6},"end":{"line":679,"column":56}},"121":{"start":{"line":680,"column":6},"end":{"line":680,"column":32}},"122":{"start":{"line":683,"column":6},"end":{"line":683,"column":26413}},"123":{"start":{"line":685,"column":8},"end":{"line":685,"column":29}},"124":{"start":{"line":689,"column":8},"end":{"line":689,"column":26690}},"125":{"start":{"line":690,"column":10},"end":{"line":690,"column":26727}},"126":{"start":{"line":691,"column":12},"end":{"line":691,"column":33}},"127":{"start":{"line":692,"column":12},"end":{"line":692,"column":31}},"128":{"start":{"line":694,"column":15},"end":{"line":694,"column":26858}},"129":{"start":{"line":695,"column":12},"end":{"line":695,"column":33}},"130":{"start":{"line":696,"column":12},"end":{"line":696,"column":31}},"131":{"start":{"line":700,"column":12},"end":{"line":700,"column":55}},"132":{"start":{"line":707,"column":6},"end":{"line":707,"column":27282}},"133":{"start":{"line":708,"column":8},"end":{"line":708,"column":37}},"134":{"start":{"line":710,"column":6},"end":{"line":710,"column":17}},"135":{"start":{"line":714,"column":6},"end":{"line":714,"column":27566}},"136":{"start":{"line":715,"column":8},"end":{"line":715,"column":39}},"137":{"start":{"line":717,"column":6},"end":{"line":717,"column":17}},"138":{"start":{"line":726,"column":6},"end":{"line":726,"column":62}},"139":{"start":{"line":727,"column":6},"end":{"line":727,"column":85}},"140":{"start":{"line":730,"column":6},"end":{"line":730,"column":61}},"141":{"start":{"line":731,"column":6},"end":{"line":731,"column":28341}},"142":{"start":{"line":738,"column":6},"end":{"line":738,"column":47}},"143":{"start":{"line":741,"column":6},"end":{"line":741,"column":48}},"144":{"start":{"line":750,"column":6},"end":{"line":750,"column":28969}},"145":{"start":{"line":756,"column":6},"end":{"line":756,"column":49}},"146":{"start":{"line":759,"column":6},"end":{"line":759,"column":59}},"147":{"start":{"line":799,"column":8},"end":{"line":799,"column":52}},"148":{"start":{"line":801,"column":8},"end":{"line":801,"column":65}},"149":{"start":{"line":803,"column":8},"end":{"line":803,"column":73}},"150":{"start":{"line":805,"column":8},"end":{"line":805,"column":31302}},"151":{"start":{"line":806,"column":12},"end":{"line":806,"column":47}},"152":{"start":{"line":807,"column":12},"end":{"line":807,"column":56}},"153":{"start":{"line":809,"column":15},"end":{"line":809,"column":31472}},"154":{"start":{"line":810,"column":12},"end":{"line":810,"column":47}},"155":{"start":{"line":811,"column":12},"end":{"line":811,"column":79}},"156":{"start":{"line":813,"column":15},"end":{"line":813,"column":31667}},"157":{"start":{"line":814,"column":12},"end":{"line":814,"column":79}},"158":{"start":{"line":818,"column":12},"end":{"line":818,"column":85}},"159":{"start":{"line":826,"column":8},"end":{"line":826,"column":33}},"160":{"start":{"line":827,"column":8},"end":{"line":827,"column":54}},"161":{"start":{"line":828,"column":8},"end":{"line":828,"column":50}},"162":{"start":{"line":829,"column":8},"end":{"line":829,"column":37}},"163":{"start":{"line":831,"column":8},"end":{"line":831,"column":29}},"164":{"start":{"line":832,"column":8},"end":{"line":832,"column":31}},"165":{"start":{"line":835,"column":8},"end":{"line":835,"column":21}},"166":{"start":{"line":837,"column":8},"end":{"line":837,"column":32647}},"167":{"start":{"line":839,"column":12},"end":{"line":839,"column":16}},"168":{"start":{"line":843,"column":8},"end":{"line":843,"column":36}},"169":{"start":{"line":844,"column":8},"end":{"line":844,"column":35}},"170":{"start":{"line":845,"column":8},"end":{"line":845,"column":30}},"171":{"start":{"line":846,"column":8},"end":{"line":846,"column":40}},"172":{"start":{"line":850,"column":8},"end":{"line":850,"column":23}},"173":{"start":{"line":854,"column":8},"end":{"line":854,"column":22}}},"branchMap":{"1":{"line":68,"type":"if","locations":[{"start":{"line":68,"column":8},"end":{"line":68,"column":8}},{"start":{"line":68,"column":8},"end":{"line":68,"column":8}}]},"2":{"line":73,"type":"if","locations":[{"start":{"line":73,"column":8},"end":{"line":73,"column":8}},{"start":{"line":73,"column":8},"end":{"line":73,"column":8}}]},"3":{"line":78,"type":"if","locations":[{"start":{"line":78,"column":8},"end":{"line":78,"column":8}},{"start":{"line":78,"column":8},"end":{"line":78,"column":8}}]},"4":{"line":85,"type":"if","locations":[{"start":{"line":85,"column":8},"end":{"line":85,"column":8}},{"start":{"line":85,"column":8},"end":{"line":85,"column":8}}]},"5":{"line":93,"type":"if","locations":[{"start":{"line":93,"column":8},"end":{"line":93,"column":8}},{"start":{"line":93,"column":8},"end":{"line":93,"column":8}}]},"6":{"line":101,"type":"if","locations":[{"start":{"line":101,"column":8},"end":{"line":101,"column":8}},{"start":{"line":101,"column":8},"end":{"line":101,"column":8}}]},"7":{"line":110,"type":"if","locations":[{"start":{"line":110,"column":8},"end":{"line":110,"column":8}},{"start":{"line":110,"column":8},"end":{"line":110,"column":8}}]},"8":{"line":120,"type":"if","locations":[{"start":{"line":120,"column":8},"end":{"line":120,"column":8}},{"start":{"line":120,"column":8},"end":{"line":120,"column":8}}]},"9":{"line":198,"type":"if","locations":[{"start":{"line":198,"column":8},"end":{"line":198,"column":8}},{"start":{"line":198,"column":8},"end":{"line":198,"column":8}}]},"10":{"line":220,"type":"if","locations":[{"start":{"line":220,"column":8},"end":{"line":220,"column":8}},{"start":{"line":220,"column":8},"end":{"line":220,"column":8}}]},"11":{"line":229,"type":"if","locations":[{"start":{"line":229,"column":8},"end":{"line":229,"column":8}},{"start":{"line":229,"column":8},"end":{"line":229,"column":8}}]},"12":{"line":230,"type":"if","locations":[{"start":{"line":230,"column":8},"end":{"line":230,"column":8}},{"start":{"line":230,"column":8},"end":{"line":230,"column":8}}]},"13":{"line":268,"type":"if","locations":[{"start":{"line":268,"column":6},"end":{"line":268,"column":6}},{"start":{"line":268,"column":6},"end":{"line":268,"column":6}}]},"14":{"line":269,"type":"if","locations":[{"start":{"line":269,"column":8},"end":{"line":269,"column":8}},{"start":{"line":269,"column":8},"end":{"line":269,"column":8}}]},"15":{"line":274,"type":"if","locations":[{"start":{"line":274,"column":8},"end":{"line":274,"column":8}},{"start":{"line":274,"column":8},"end":{"line":274,"column":8}}]},"16":{"line":288,"type":"if","locations":[{"start":{"line":288,"column":8},"end":{"line":288,"column":8}},{"start":{"line":288,"column":8},"end":{"line":288,"column":8}}]},"17":{"line":341,"type":"if","locations":[{"start":{"line":341,"column":6},"end":{"line":341,"column":6}},{"start":{"line":341,"column":6},"end":{"line":341,"column":6}}]},"18":{"line":375,"type":"if","locations":[{"start":{"line":375,"column":8},"end":{"line":375,"column":8}},{"start":{"line":375,"column":8},"end":{"line":375,"column":8}}]},"19":{"line":380,"type":"if","locations":[{"start":{"line":380,"column":8},"end":{"line":380,"column":8}},{"start":{"line":380,"column":8},"end":{"line":380,"column":8}}]},"20":{"line":388,"type":"if","locations":[{"start":{"line":388,"column":16},"end":{"line":388,"column":16}},{"start":{"line":388,"column":16},"end":{"line":388,"column":16}}]},"21":{"line":432,"type":"if","locations":[{"start":{"line":432,"column":8},"end":{"line":432,"column":8}},{"start":{"line":432,"column":8},"end":{"line":432,"column":8}}]},"22":{"line":454,"type":"if","locations":[{"start":{"line":454,"column":8},"end":{"line":454,"column":8}},{"start":{"line":454,"column":8},"end":{"line":454,"column":8}}]},"23":{"line":462,"type":"if","locations":[{"start":{"line":462,"column":8},"end":{"line":462,"column":8}},{"start":{"line":462,"column":8},"end":{"line":462,"column":8}}]},"24":{"line":572,"type":"if","locations":[{"start":{"line":572,"column":8},"end":{"line":572,"column":8}},{"start":{"line":572,"column":8},"end":{"line":572,"column":8}}]},"25":{"line":683,"type":"if","locations":[{"start":{"line":683,"column":6},"end":{"line":683,"column":6}},{"start":{"line":683,"column":6},"end":{"line":683,"column":6}}]},"26":{"line":690,"type":"if","locations":[{"start":{"line":690,"column":10},"end":{"line":690,"column":10}},{"start":{"line":690,"column":10},"end":{"line":690,"column":10}}]},"27":{"line":694,"type":"if","locations":[{"start":{"line":694,"column":15},"end":{"line":694,"column":15}},{"start":{"line":694,"column":15},"end":{"line":694,"column":15}}]},"28":{"line":727,"type":"if","locations":[{"start":{"line":727,"column":6},"end":{"line":727,"column":6}},{"start":{"line":727,"column":6},"end":{"line":727,"column":6}}]},"29":{"line":731,"type":"if","locations":[{"start":{"line":731,"column":6},"end":{"line":731,"column":6}},{"start":{"line":731,"column":6},"end":{"line":731,"column":6}}]},"30":{"line":750,"type":"if","locations":[{"start":{"line":750,"column":6},"end":{"line":750,"column":6}},{"start":{"line":750,"column":6},"end":{"line":750,"column":6}}]},"31":{"line":805,"type":"if","locations":[{"start":{"line":805,"column":8},"end":{"line":805,"column":8}},{"start":{"line":805,"column":8},"end":{"line":805,"column":8}}]},"32":{"line":809,"type":"if","locations":[{"start":{"line":809,"column":15},"end":{"line":809,"column":15}},{"start":{"line":809,"column":15},"end":{"line":809,"column":15}}]},"33":{"line":813,"type":"if","locations":[{"start":{"line":813,"column":15},"end":{"line":813,"column":15}},{"start":{"line":813,"column":15},"end":{"line":813,"column":15}}]},"34":{"line":837,"type":"if","locations":[{"start":{"line":837,"column":8},"end":{"line":837,"column":8}},{"start":{"line":837,"column":8},"end":{"line":837,"column":8}}]}}},"contracts/governance/EPNSBravoProxy.sol":{"l":{},"path":"/Users/mdteach/Codes/epns-/epns-protocol-staging/contracts/governance/EPNSBravoProxy.sol","s":{},"b":{},"f":{"1":0},"fnMap":{"1":{"name":"constructor","line":17,"loc":{"start":{"line":9,"column":4},"end":{"line":17,"column":220}}}},"statementMap":{},"branchMap":{}},"contracts/governance/GovernorBravo.sol":{"l":{"52":0,"53":0,"54":0,"55":0,"56":0,"57":0,"59":0,"60":0,"61":0,"62":0,"63":0,"64":0,"78":0,"79":0,"80":0,"81":0,"83":0,"84":0,"85":0,"86":0,"87":0,"90":0,"91":0,"93":0,"94":0,"111":0,"112":0,"114":0,"115":0,"123":0,"124":0,"125":0,"126":0,"127":0,"129":0,"130":0,"134":0,"135":0,"143":0,"144":0,"145":0,"146":0,"147":0,"149":0,"157":0,"159":0,"160":0,"162":0,"163":0,"164":0,"167":0,"175":0,"176":0,"186":0,"195":0,"196":0,"197":0,"198":0,"200":0,"202":0,"204":0,"206":0,"208":0,"210":0,"212":0,"222":0,"232":0,"240":0,"241":0,"242":0,"243":0,"244":0,"245":0,"256":0,"257":0,"258":0,"259":0,"260":0,"261":0,"263":0,"264":0,"266":0,"268":0,"271":0,"272":0,"273":0,"275":0,"283":0,"284":0,"285":0,"286":0,"288":0,"296":0,"297":0,"298":0,"299":0,"301":0,"310":0,"311":0,"312":0,"313":0,"315":0,"325":0,"328":0,"331":0,"334":0,"343":0,"346":0,"347":0,"350":0,"353":0,"355":0,"356":0,"360":0,"361":0,"362":0,"366":0,"367":0,"371":0,"372":0,"373":0},"path":"/Users/mdteach/Codes/epns-/epns-protocol-staging/contracts/governance/GovernorBravo.sol","s":{"1":0,"2":0,"3":0,"4":0,"5":0,"6":0,"7":0,"8":0,"9":0,"10":0,"11":0,"12":0,"13":0,"14":0,"15":0,"16":0,"17":0,"18":0,"19":0,"20":0,"21":0,"22":0,"23":0,"24":0,"25":0,"26":0,"27":0,"28":0,"29":0,"30":0,"31":0,"32":0,"33":0,"34":0,"35":0,"36":0,"37":0,"38":0,"39":0,"40":0,"41":0,"42":0,"43":0,"44":0,"45":0,"46":0,"47":0,"48":0,"49":0,"50":0,"51":0,"52":0,"53":0,"54":0,"55":0,"56":0,"57":0,"58":0,"59":0,"60":0,"61":0,"62":0,"63":0,"64":0,"65":0,"66":0,"67":0,"68":0,"69":0,"70":0,"71":0,"72":0,"73":0,"74":0,"75":0,"76":0,"77":0,"78":0,"79":0,"80":0,"81":0,"82":0,"83":0,"84":0,"85":0,"86":0,"87":0,"88":0,"89":0,"90":0,"91":0,"92":0,"93":0,"94":0,"95":0,"96":0,"97":0,"98":0,"99":0,"100":0,"101":0,"102":0,"103":0,"104":0,"105":0,"106":0,"107":0,"108":0,"109":0,"110":0,"111":0,"112":0,"113":0,"114":0,"115":0,"116":0,"117":0,"118":0,"119":0,"120":0,"121":0,"122":0,"123":0,"124":0,"125":0,"126":0,"127":0},"b":{"1":[0,0],"2":[0,0],"3":[0,0],"4":[0,0],"5":[0,0],"6":[0,0],"7":[0,0],"8":[0,0],"9":[0,0],"10":[0,0],"11":[0,0],"12":[0,0],"13":[0,0],"14":[0,0],"15":[0,0],"16":[0,0],"17":[0,0],"18":[0,0],"19":[0,0],"20":[0,0],"21":[0,0],"22":[0,0],"23":[0,0],"24":[0,0],"25":[0,0],"26":[0,0],"27":[0,0],"28":[0,0],"29":[0,0],"30":[0,0],"31":[0,0],"32":[0,0],"33":[0,0],"34":[0,0],"35":[0,0],"36":[0,0],"37":[0,0],"38":[0,0],"39":[0,0],"40":[0,0],"41":[0,0],"42":[0,0],"43":[0,0]},"f":{"1":0,"2":0,"3":0,"4":0,"5":0,"6":0,"7":0,"8":0,"9":0,"10":0,"11":0,"12":0,"13":0,"14":0,"15":0,"16":0,"17":0,"18":0,"19":0,"20":0,"21":0},"fnMap":{"1":{"name":"initialize","line":51,"loc":{"start":{"line":51,"column":4},"end":{"line":65,"column":4}}},"2":{"name":"propose","line":76,"loc":{"start":{"line":76,"column":4},"end":{"line":116,"column":4}}},"3":{"name":"queue","line":122,"loc":{"start":{"line":122,"column":4},"end":{"line":131,"column":4}}},"4":{"name":"queueOrRevertInternal","line":133,"loc":{"start":{"line":133,"column":4},"end":{"line":136,"column":4}}},"5":{"name":"execute","line":142,"loc":{"start":{"line":142,"column":4},"end":{"line":150,"column":4}}},"6":{"name":"cancel","line":156,"loc":{"start":{"line":156,"column":4},"end":{"line":168,"column":4}}},"7":{"name":"getActions","line":174,"loc":{"start":{"line":174,"column":4},"end":{"line":177,"column":4}}},"8":{"name":"getReceipt","line":185,"loc":{"start":{"line":185,"column":4},"end":{"line":187,"column":4}}},"9":{"name":"state","line":194,"loc":{"start":{"line":194,"column":4},"end":{"line":214,"column":4}}},"10":{"name":"castVote","line":221,"loc":{"start":{"line":221,"column":4},"end":{"line":223,"column":4}}},"11":{"name":"castVoteWithReason","line":231,"loc":{"start":{"line":231,"column":4},"end":{"line":233,"column":4}}},"12":{"name":"castVoteBySig","line":239,"loc":{"start":{"line":239,"column":4},"end":{"line":246,"column":4}}},"13":{"name":"castVoteInternal","line":255,"loc":{"start":{"line":255,"column":4},"end":{"line":276,"column":4}}},"14":{"name":"_setVotingDelay","line":282,"loc":{"start":{"line":282,"column":4},"end":{"line":289,"column":4}}},"15":{"name":"_setVotingPeriod","line":295,"loc":{"start":{"line":295,"column":4},"end":{"line":302,"column":4}}},"16":{"name":"_setProposalThreshold","line":309,"loc":{"start":{"line":309,"column":4},"end":{"line":316,"column":4}}},"17":{"name":"_setPendingAdmin","line":323,"loc":{"start":{"line":323,"column":4},"end":{"line":335,"column":4}}},"18":{"name":"_acceptAdmin","line":341,"loc":{"start":{"line":341,"column":4},"end":{"line":357,"column":4}}},"19":{"name":"add256","line":359,"loc":{"start":{"line":359,"column":4},"end":{"line":363,"column":4}}},"20":{"name":"sub256","line":365,"loc":{"start":{"line":365,"column":4},"end":{"line":368,"column":4}}},"21":{"name":"getChainIdInternal","line":370,"loc":{"start":{"line":370,"column":4},"end":{"line":374,"column":4}}}},"statementMap":{"1":{"start":{"line":52,"column":8},"end":{"line":52,"column":102}},"2":{"start":{"line":53,"column":8},"end":{"line":53,"column":94}},"3":{"start":{"line":54,"column":8},"end":{"line":54,"column":86}},"4":{"start":{"line":55,"column":8},"end":{"line":55,"column":140}},"5":{"start":{"line":56,"column":8},"end":{"line":56,"column":135}},"6":{"start":{"line":57,"column":8},"end":{"line":57,"column":165}},"7":{"start":{"line":59,"column":8},"end":{"line":59,"column":21}},"8":{"start":{"line":60,"column":8},"end":{"line":60,"column":46}},"9":{"start":{"line":61,"column":8},"end":{"line":61,"column":34}},"10":{"start":{"line":62,"column":8},"end":{"line":62,"column":35}},"11":{"start":{"line":63,"column":8},"end":{"line":63,"column":33}},"12":{"start":{"line":64,"column":8},"end":{"line":64,"column":45}},"13":{"start":{"line":78,"column":8},"end":{"line":78,"column":158}},"14":{"start":{"line":79,"column":8},"end":{"line":79,"column":196}},"15":{"start":{"line":80,"column":8},"end":{"line":80,"column":83}},"16":{"start":{"line":81,"column":8},"end":{"line":81,"column":99}},"17":{"start":{"line":83,"column":8},"end":{"line":83,"column":61}},"18":{"start":{"line":84,"column":8},"end":{"line":84,"column":4684}},"19":{"start":{"line":85,"column":10},"end":{"line":85,"column":78}},"20":{"start":{"line":86,"column":10},"end":{"line":86,"column":162}},"21":{"start":{"line":87,"column":10},"end":{"line":87,"column":164}},"22":{"start":{"line":90,"column":8},"end":{"line":90,"column":59}},"23":{"start":{"line":91,"column":8},"end":{"line":91,"column":56}},"24":{"start":{"line":94,"column":8},"end":{"line":94,"column":5291}},"25":{"start":{"line":111,"column":8},"end":{"line":111,"column":46}},"26":{"start":{"line":112,"column":8},"end":{"line":112,"column":63}},"27":{"start":{"line":114,"column":8},"end":{"line":114,"column":131}},"28":{"start":{"line":115,"column":8},"end":{"line":115,"column":29}},"29":{"start":{"line":123,"column":8},"end":{"line":123,"column":132}},"30":{"start":{"line":124,"column":8},"end":{"line":124,"column":57}},"31":{"start":{"line":125,"column":8},"end":{"line":125,"c
[...]
,"100":0,"101":0,"102":0,"103":0,"104":0,"105":0,"106":0,"107":0,"108":0,"109":0,"110":0,"111":0,"112":0,"113":0,"114":0,"115":0,"116":0,"117":0,"118":0,"119":0,"120":0,"121":0,"122":0,"123":0,"124":0,"125":0,"126":0,"127":0,"128":0,"129":0,"130":0,"131":0,"132":0,"133":0,"134":0,"135":0,"136":0,"137":0,"138":0,"139":0,"140":0,"141":0,"142":0,"143":0,"144":0,"145":0},"b":{"1":[0,0],"2":[0,0],"3":[0,0],"4":[0,0],"5":[0,0],"6":[0,0],"7":[0,0],"8":[0,0],"9":[0,0],"10":[0,0],"11":[0,0],"12":[0,0],"13":[0,0],"14":[0,0],"15":[0,0],"16":[0,0],"17":[0,0],"18":[0,0],"19":[0,0],"20":[0,0],"21":[0,0],"22":[0,0],"23":[0,0],"24":[0,0],"25":[0,0],"26":[0,0],"27":[0,0],"28":[0,0],"29":[0,0],"30":[0,0],"31":[0,0],"32":[0,0]},"f":{"1":36,"2":0,"3":0,"4":0,"5":0,"6":0,"7":0,"8":0,"9":0,"10":0,"11":0,"12":0,"13":0,"14":0,"15":0,"16":0,"17":0,"18":0,"19":0,"20":0,"21":0,"22":0,"23":0,"24":0,"25":0,"26":0,"27":0,"28":0,"29":0,"30":0},"fnMap":{"1":{"name":"constructor","line":83,"loc":{"start":{"line":83,"column":4},"end":{"line":90,"column":4}}},"2":{"name":"allowance","line":98,"loc":{"start":{"line":98,"column":4},"end":{"line":100,"column":4}}},"3":{"name":"approve","line":110,"loc":{"start":{"line":110,"column":4},"end":{"line":122,"column":4}}},"4":{"name":"permit","line":134,"loc":{"start":{"line":134,"column":4},"end":{"line":154,"column":4}}},"5":{"name":"balanceOf","line":161,"loc":{"start":{"line":161,"column":4},"end":{"line":163,"column":4}}},"6":{"name":"transfer","line":171,"loc":{"start":{"line":171,"column":4},"end":{"line":175,"column":4}}},"7":{"name":"transferFrom","line":184,"loc":{"start":{"line":184,"column":4},"end":{"line":198,"column":4}}},"8":{"name":"returnHolderUnits","line":203,"loc":{"start":{"line":203,"column":4},"end":{"line":205,"column":4}}},"9":{"name":"returnHolderDelegation","line":210,"loc":{"start":{"line":210,"column":4},"end":{"line":212,"column":4}}},"10":{"name":"setHolderDelegation","line":217,"loc":{"start":{"line":217,"column":4},"end":{"line":219,"column":4}}},"11":{"name":"resetHolderWeight","line":224,"loc":{"start":{"line":224,"column":4},"end":{"line":229,"column":4}}},"12":{"name":"burn","line":235,"loc":{"start":{"line":235,"column":4},"end":{"line":244,"column":4}}},"13":{"name":"delegate","line":250,"loc":{"start":{"line":250,"column":4},"end":{"line":252,"column":4}}},"14":{"name":"delegateBySig","line":263,"loc":{"start":{"line":263,"column":4},"end":{"line":272,"column":4}}},"15":{"name":"getCurrentVotes","line":279,"loc":{"start":{"line":279,"column":4},"end":{"line":282,"column":4}}},"16":{"name":"getPriorVotes","line":291,"loc":{"start":{"line":291,"column":4},"end":{"line":325,"column":4}}},"17":{"name":"_delegate","line":327,"loc":{"start":{"line":327,"column":4},"end":{"line":335,"column":4}}},"18":{"name":"_transferTokens","line":337,"loc":{"start":{"line":337,"column":4},"end":{"line":350,"column":4}}},"19":{"name":"_adjustHolderWeight","line":352,"loc":{"start":{"line":352,"column":4},"end":{"line":370,"column":4}}},"20":{"name":"_moveDelegates","line":372,"loc":{"start":{"line":372,"column":4},"end":{"line":388,"column":4}}},"21":{"name":"_writeCheckpoint","line":390,"loc":{"start":{"line":390,"column":4},"end":{"line":401,"column":4}}},"22":{"name":"safe32","line":403,"loc":{"start":{"line":403,"column":4},"end":{"line":406,"column":4}}},"23":{"name":"safe96","line":408,"loc":{"start":{"line":408,"column":4},"end":{"line":411,"column":4}}},"24":{"name":"add96","line":413,"loc":{"start":{"line":413,"column":4},"end":{"line":417,"column":4}}},"25":{"name":"sub96","line":419,"loc":{"start":{"line":419,"column":4},"end":{"line":422,"column":4}}},"26":{"name":"add256","line":424,"loc":{"start":{"line":424,"column":4},"end":{"line":429,"column":4}}},"27":{"name":"sub256","line":431,"loc":{"start":{"line":431,"column":4},"end":{"line":436,"column":4}}},"28":{"name":"mul256","line":438,"loc":{"start":{"line":438,"column":4},"end":{"line":450,"column":4}}},"29":{"name":"div256","line":452,"loc":{"start":{"line":452,"column":4},"end":{"line":459,"column":4}}},"30":{"name":"getChainId","line":461,"loc":{"start":{"line":461,"column":4},"end":{"line":465,"column":4}}}},"statementMap":{"1":{"start":{"line":84,"column":8},"end":{"line":84,"column":46}},"2":{"start":{"line":85,"column":8},"end":{"line":85,"column":55}},"3":{"start":{"line":88,"column":8},"end":{"line":88,"column":43}},"4":{"start":{"line":89,"column":8},"end":{"line":89,"column":26}},"5":{"start":{"line":99,"column":8},"end":{"line":99,"column":43}},"6":{"start":{"line":111,"column":8},"end":{"line":111,"column":21}},"7":{"start":{"line":112,"column":8},"end":{"line":112,"column":4718}},"8":{"start":{"line":113,"column":12},"end":{"line":113,"column":30}},"9":{"start":{"line":115,"column":12},"end":{"line":115,"column":78}},"10":{"start":{"line":118,"column":8},"end":{"line":118,"column":47}},"11":{"start":{"line":120,"column":8},"end":{"line":120,"column":50}},"12":{"start":{"line":121,"column":8},"end":{"line":121,"column":19}},"13":{"start":{"line":135,"column":8},"end":{"line":135,"column":21}},"14":{"start":{"line":136,"column":8},"end":{"line":136,"column":5679}},"15":{"start":{"line":137,"column":12},"end":{"line":137,"column":30}},"16":{"start":{"line":139,"column":12},"end":{"line":139,"column":77}},"17":{"start":{"line":142,"column":8},"end":{"line":142,"column":125}},"18":{"start":{"line":143,"column":8},"end":{"line":143,"column":121}},"19":{"start":{"line":144,"column":8},"end":{"line":144,"column":93}},"20":{"start":{"line":145,"column":8},"end":{"line":145,"column":54}},"21":{"start":{"line":147,"column":8},"end":{"line":147,"column":74}},"22":{"start":{"line":148,"column":8},"end":{"line":148,"column":64}},"23":{"start":{"line":149,"column":8},"end":{"line":149,"column":66}},"24":{"start":{"line":151,"column":8},"end":{"line":151,"column":42}},"25":{"start":{"line":153,"column":8},"end":{"line":153,"column":45}},"26":{"start":{"line":162,"column":8},"end":{"line":162,"column":32}},"27":{"start":{"line":172,"column":8},"end":{"line":172,"column":83}},"28":{"start":{"line":173,"column":8},"end":{"line":173,"column":47}},"29":{"start":{"line":174,"column":8},"end":{"line":174,"column":19}},"30":{"start":{"line":185,"column":8},"end":{"line":185,"column":36}},"31":{"start":{"line":186,"column":8},"end":{"line":186,"column":58}},"32":{"start":{"line":187,"column":8},"end":{"line":187,"column":82}},"33":{"start":{"line":189,"column":8},"end":{"line":189,"column":7937}},"34":{"start":{"line":190,"column":12},"end":{"line":190,"column":130}},"35":{"start":{"line":191,"column":12},"end":{"line":191,"column":50}},"36":{"start":{"line":193,"column":12},"end":{"line":193,"column":53}},"37":{"start":{"line":196,"column":8},"end":{"line":196,"column":40}},"38":{"start":{"line":197,"column":8},"end":{"line":197,"column":19}},"39":{"start":{"line":204,"column":8},"end":{"line":204,"column":204}},"40":{"start":{"line":211,"column":8},"end":{"line":211,"column":50}},"41":{"start":{"line":218,"column":8},"end":{"line":218,"column":53}},"42":{"start":{"line":225,"column":8},"end":{"line":225,"column":125}},"43":{"start":{"line":226,"column":8},"end":{"line":226,"column":42}},"44":{"start":{"line":228,"column":8},"end":{"line":228,"column":72}},"45":{"start":{"line":236,"column":8},"end":{"line":236,"column":36}},"46":{"start":{"line":238,"column":8},"end":{"line":238,"column":42}},"47":{"start":{"line":239,"column":8},"end":{"line":239,"column":79}},"48":{"start":{"line":241,"column":8},"end":{"line":241,"column":92}},"49":{"start":{"line":242,"column":8},"end":{"line":242,"column":83}},"50":{"start":{"line":243,"column":8},"end":{"line":243,"column":50}},"51":{"start":{"line":251,"column":8},"end":{"line":251,"column":47}},"52":{"start":{"line":264,"column":8},"end":{"line":264,"column":125}},"53":{"start":{"line":265,"column":8},"end":{"line":265,"column":97}},"54":{"start":{"line":266,"column":8},"end":{"line":266,"column":93}},"55":{"start":{"line":267,"column":8},"end":{"line":267,"column":54}},"56":{"start":{"line":268,"column":8},"end":{"line":268,"column":81}},"57":{"start":{"line":269,"column":8},"end":{"line":269,"column":82}},"58":{"start":{"line":270,"column":8},"end":{"line":270,"column":71}},"59":{"start":{"line":271,"column":8},"end":{"line":271,"column":46}},"60":{"start":{"line":280,"column":8},"end":{"line":280,"column":53}},"61":{"start":{"line":281,"column":8},"end":{"line":281,"column":82}},"62":{"start":{"line":292,"column":8},"end":{"line":292,"column":85}},"63":{"start":{"line":294,"column":8},"end":{"line":294,"column":53}},"64":{"start":{"line":295,"column":8},"end":{"line":295,"column":12568}},"65":{"start":{"line":296,"column":12},"end":{"line":296,"column":20}},"66":{"start":{"line":299,"column":8},"end":{"line":299,"column":81}},"67":{"start":{"line":302,"column":8},"end":{"line":302,"column":12761}},"68":{"start":{"line":303,"column":12},"end":{"line":303,"column":39}},"69":{"start":{"line":307,"column":8},"end":{"line":307,"column":12912}},"70":{"start":{"line":308,"column":12},"end":{"line":308,"column":20}},"71":{"start":{"line":311,"column":8},"end":{"line":311,"column":24}},"72":{"start":{"line":312,"column":8},"end":{"line":312,"column":39}},"73":{"start":{"line":313,"column":8},"end":{"line":313,"column":13075}},"74":{"start":{"line":314,"column":12},"end":{"line":314,"column":55}},"75":{"start":{"line":315,"column":12},"end":{"line":315,"column":63}},"76":{"start":{"line":316,"column":12},"end":{"line":316,"column":13264}},"77":{"start":{"line":317,"column":16},"end":{"line":317,"column":31}},"78":{"start":{"line":318,"column":19},"end":{"line":318,"column":13351}},"79":{"start":{"line":319,"column":16},"end":{"line":319,"column":29}},"80":{"start":{"line":321,"column":16},"end":{"line":321,"column":33}},"81":{"start":{"line":324,"column":8},"end":{"line":324,"column":48}},"82":{"start":{"line":328,"column":8},"end":{"line":328,"column":54}},"83":{"start":{"line":329,"column":8},"end":{"line":329,"column":53}},"84":{"start":{"line":330,"column":8},"end":{"line":330,"column":39}},"85":{"start":{"line":332,"column":8},"end":{"line":332,"column":67}},"86":{"start":{"line":334,"column":8},"end":{"line":334,"column":67}},"87":{"start":{"line":338,"column":8},"end":{"line":338,"column":97}},"88":{"start":{"line":339,"column":8},"end":{"line":339,"column":95}},"89":{"start":{"line":342,"column":8},"end":{"line":342,"column":44}},"90":{"start":{"line":345,"column":8},"end":{"line":345,"column":109}},"91":{"start":{"line":346,"column":8},"end":{"line":346,"column":103}},"92":{"start":{"line":347,"column":8},"end":{"line":347,"column":39}},"93":{"start":{"line":349,"column":8},"end":{"line":349,"column":61}},"94":{"start":{"line":354,"column":8},"end":{"line":354,"column":38}},"95":{"start":{"line":355,"column":8},"end":{"line":355,"column":14811}},"96":{"start":{"line":356,"column":12},"end":{"line":356,"column":48}},"97":{"start":{"line":359,"column":12},"end":{"line":359,"column":129}},"98":{"start":{"line":360,"column":12},"end":{"line":360,"column":128}},"99":{"start":{"line":362,"column":12},"end":{"line":362,"column":120}},"100":{"start":{"line":363,"column":12},"end":{"line":363,"column":115}},"101":{"start":{"line":365,"column":12},"end":{"line":365,"column":63}},"102":{"start":{"line":366,"column":12},"end":{"line":366,"column":132}},"103":{"start":{"line":368,"column":12},"end":{"line":368,"column":127}},"104":{"start":{"line":373,"column":8},"end":{"line":373,"column":15850}},"105":{"start":{"line":374,"column":12},"end":{"line":374,"column":15904}},"106":{"start":{"line":375,"column":16},"end":{"line":375,"column":57}},"107":{"start":{"line":376,"column":16},"end":{"line":376,"column":95}},"108":{"start":{"line":377,"column":16},"end":{"line":377,"column":103}},"109":{"start":{"line":378,"column":16},"end":{"line":378,"column":72}},"110":{"start":{"line":381,"column":12},"end":{"line":381,"column":16295}},"111":{"start":{"line":382,"column":16},"end":{"line":382,"column":57}},"112":{"start":{"line":383,"column":16},"end":{"line":383,"column":95}},"113":{"start":{"line":384,"column":16},"end":{"line":384,"column":102}},"114":{"start":{"line":385,"column":16},"end":{"line":385,"column":72}},"115":{"start":{"line":391,"column":8},"end":{"line":391,"column":105}},"116":{"start":{"line":393,"column":8},"end":{"line":393,"column":16916}},"117":{"start":{"line":394,"column":12},"end":{"line":394,"column":68}},"118":{"start":{"line":396,"column":12},"end":{"line":396,"column":83}},"119":{"start":{"line":397,"column":12},"end":{"line":397,"column":55}},"120":{"start":{"line":400,"column":8},"end":{"line":400,"column":64}},"121":{"start":{"line":404,"column":8},"end":{"line":404,"column":39}},"122":{"start":{"line":405,"column":8},"end":{"line":405,"column":24}},"123":{"start":{"line":409,"column":8},"end":{"line":409,"column":39}},"124":{"start":{"line":410,"column":8},"end":{"line":410,"column":24}},"125":{"start":{"line":414,"column":8},"end":{"line":414,"column":24}},"126":{"start":{"line":415,"column":8},"end":{"line":415,"column":36}},"127":{"start":{"line":416,"column":8},"end":{"line":416,"column":16}},"128":{"start":{"line":420,"column":8},"end":{"line":420,"column":36}},"129":{"start":{"line":421,"column":8},"end":{"line":421,"column":20}},"130":{"start":{"line":425,"column":8},"end":{"line":425,"column":25}},"131":{"start":{"line":426,"column":8},"end":{"line":426,"column":36}},"132":{"start":{"line":428,"column":8},"end":{"line":428,"column":16}},"133":{"start":{"line":432,"column":8},"end":{"line":432,"column":36}},"134":{"start":{"line":433,"column":8},"end":{"line":433,"column":25}},"135":{"start":{"line":435,"column":8},"end":{"line":435,"column":16}},"136":{"start":{"line":442,"column":8},"end":{"line":442,"column":18733}},"137":{"start":{"line":443,"column":12},"end":{"line":443,"column":20}},"138":{"start":{"line":446,"column":8},"end":{"line":446,"column":25}},"139":{"start":{"line":447,"column":8},"end":{"line":447,"column":40}},"140":{"start":{"line":449,"column":8},"end":{"line":449,"column":16}},"141":{"start":{"line":454,"column":8},"end":{"line":454,"column":35}},"142":{"start":{"line":455,"column":8},"end":{"line":455,"column":25}},"143":{"start":{"line":458,"column":8},"end":{"line":458,"column":16}},"144":{"start":{"line":462,"column":8},"end":{"line":462,"column":23}},"145":{"start":{"line":464,"column":8},"end":{"line":464,"column":22}}},"branchMap":{"1":{"line":112,"type":"if","locations":[{"start":{"line":112,"column":8},"end":{"line":112,"column":8}},{"start":{"line":112,"column":8},"end":{"line":112,"column":8}}]},"2":{"line":136,"type":"if","locations":[{"start":{"line":136,"column":8},"end":{"line":136,"column":8}},{"start":{"line":136,"column":8},"end":{"line":136,"column":8}}]},"3":{"line":147,"type":"if","locations":[{"start":{"line":147,"column":8},"end":{"line":147,"column":8}},{"start":{"line":147,"column":8},"end":{"line":147,"column":8}}]},"4":{"line":148,"type":"if","locations":[{"start":{"line":148,"column":8},"end":{"line":148,"column":8}},{"start":{"line":148,"column":8},"end":{"line":148,"column":8}}]},"5":{"line":149,"type":"if","locations":[{"start":{"line":149,"column":8},"end":{"line":149,"column":8}},{"start":{"line":149,"column":8},"end":{"line":149,"column":8}}]},"6":{"line":189,"type":"if","locations":[{"start":{"line":189,"column":8},"end":{"line":189,"column":8}},{"start":{"line":189,"column":8},"end":{"line":189,"column":8}}]},"7":{"line":225,"type":"if","locations":[{"start":{"line":225,"column":8},"end":{"line":225,"column":8}},{"start":{"line":225,"column":8},"end":{"line":225,"column":8}}]},"8":{"line":268,"type":"if","locations":[{"start":{"line":268,"column":8},"end":{"line":268,"column":8}},{"start":{"line":268,"column":8},"end":{"line":268,"column":8}}]},"9":{"line":269,"type":"if","locations":[{"start":{"line":269,"column":8},"end":{"line":269,"column":8}},{"start":{"line":269,"column":8},"end":{"line":269,"column":8}}]},"10":{"line":270,"type":"if","locations":[{"start":{"line":270,"column":8},"end":{"line":270,"column":8}},{"start":{"line":270,"column":8},"end":{"line":270,"column":8}}]},"11":{"line":292,"type":"if","locations":[{"start":{"line":292,"column":8},"end":{"line":292,"column":8}},{"start":{"line":292,"column":8},"end":{"line":292,"column":8}}]},"12":{"line":295,"type":"if","locations":[{"start":{"line":295,"column":8},"end":{"line":295,"column":8}},{"start":{"line":295,"column":8},"end":{"line":295,"column":8}}]},"13":{"line":302,"type":"if","locations":[{"start":{"line":302,"column":8},"end":{"line":302,"column":8}},{"start":{"line":302,"column":8},"end":{"line":302,"column":8}}]},"14":{"line":307,"type":"if","locations":[{"start":{"line":307,"column":8},"end":{"line":307,"column":8}},{"start":{"line":307,"column":8},"end":{"line":307,"column":8}}]},"15":{"line":316,"type":"if","locations":[{"start":{"line":316,"column":12},"end":{"line":316,"column":12}},{"start":{"line":316,"column":12},"end":{"line":316,"column":12}}]},"16":{"line":318,"type":"if","locations":[{"start":{"line":318,"column":19},"end":{"line":318,"column":19}},{"start":{"line":318,"column":19},"end":{"line":318,"column":19}}]},"17":{"line":338,"type":"if","locations":[{"start":{"line":338,"column":8},"end":{"line":338,"column":8}},{"start":{"line":338,"column":8},"end":{"line":338,"column":8}}]},"18":{"line":339,"type":"if","locations":[{"start":{"line":339,"column":8},"end":{"line":339,"column":8}},{"start":{"line":339,"column":8},"end":{"line":339,"column":8}}]},"19":{"line":355,"type":"if","locations":[{"start":{"line":355,"column":8},"end":{"line":355,"column":8}},{"start":{"line":355,"column":8},"end":{"line":355,"column":8}}]},"20":{"line":373,"type":"if","locations":[{"start":{"line":373,"column":8},"end":{"line":373,"column":8}},{"start":{"line":373,"column":8},"end":{"line":373,"column":8}}]},"21":{"line":374,"type":"if","locations":[{"start":{"line":374,"column":12},"end":{"line":374,"column":12}},{"start":{"line":374,"column":12},"end":{"line":374,"column":12}}]},"22":{"line":381,"type":"if","locations":[{"start":{"line":381,"column":12},"end":{"line":381,"column":12}},{"start":{"line":381,"column":12},"end":{"line":381,"column":12}}]},"23":{"line":393,"type":"if","locations":[{"start":{"line":393,"column":8},"end":{"line":393,"column":8}},{"start":{"line":393,"column":8},"end":{"line":393,"column":8}}]},"24":{"line":404,"type":"if","locations":[{"start":{"line":404,"column":8},"end":{"line":404,"column":8}},{"start":{"line":404,"column":8},"end":{"line":404,"column":8}}]},"25":{"line":409,"type":"if","locations":[{"start":{"line":409,"column":8},"end":{"line":409,"column":8}},{"start":{"line":409,"column":8},"end":{"line":409,"column":8}}]},"26":{"line":415,"type":"if","locations":[{"start":{"line":415,"column":8},"end":{"line":415,"column":8}},{"start":{"line":415,"column":8},"end":{"line":415,"column":8}}]},"27":{"line":420,"type":"if","locations":[{"start":{"line":420,"column":8},"end":{"line":420,"column":8}},{"start":{"line":420,"column":8},"end":{"line":420,"column":8}}]},"28":{"line":426,"type":"if","locations":[{"start":{"line":426,"column":8},"end":{"line":426,"column":8}},{"start":{"line":426,"column":8},"end":{"line":426,"column":8}}]},"29":{"line":432,"type":"if","locations":[{"start":{"line":432,"column":8},"end":{"line":432,"column":8}},{"start":{"line":432,"column":8},"end":{"line":432,"column":8}}]},"30":{"line":442,"type":"if","locations":[{"start":{"line":442,"column":8},"end":{"line":442,"column":8}},{"start":{"line":442,"column":8},"end":{"line":442,"column":8}}]},"31":{"line":447,"type":"if","locations":[{"start":{"line":447,"column":8},"end":{"line":447,"column":8}},{"start":{"line":447,"column":8},"end":{"line":447,"column":8}}]},"32":{"line":454,"type":"if","locations":[{"start":{"line":454,"column":8},"end":{"line":454,"column":8}},{"start":{"line":454,"column":8},"end":{"line":454,"column":8}}]}}}}